2016-11-21 15:32:32.088 [ main ] - [ INFO  ] [o.s.context.support.ClassPathXmlApplicationContext : 573 ] - Refreshing org.springframework.context.support.ClassPathXmlApplicationContext@3d2f0499: startup date [Mon Nov 21 15:32:32 CST 2016]; root of context hierarchy
2016-11-21 15:32:32.152 [ main ] - [ INFO  ] [o.s.beans.factory.xml.XmlBeanDefinitionReader : 317 ] - Loading XML bean definitions from file [F:\git\zplatform-acc-service\zplatform-acc-server\target\classes\META-INF\spring\spring-context.xml]
2016-11-21 15:32:32.481 [ main ] - [ INFO  ] [o.s.beans.factory.xml.XmlBeanDefinitionReader : 317 ] - Loading XML bean definitions from class path resource [spring-hibernate.xml]
2016-11-21 15:34:40.289 [ main ] - [ INFO  ] [o.s.context.support.ClassPathXmlApplicationContext : 573 ] - Refreshing org.springframework.context.support.ClassPathXmlApplicationContext@3d2f0499: startup date [Mon Nov 21 15:34:40 CST 2016]; root of context hierarchy
2016-11-21 15:34:40.341 [ main ] - [ INFO  ] [o.s.beans.factory.xml.XmlBeanDefinitionReader : 317 ] - Loading XML bean definitions from file [F:\git\zplatform-acc-service\zplatform-acc-server\target\classes\META-INF\spring\spring-context.xml]
2016-11-21 15:34:40.671 [ main ] - [ INFO  ] [o.s.beans.factory.xml.XmlBeanDefinitionReader : 317 ] - Loading XML bean definitions from class path resource [spring-hibernate.xml]
2016-11-21 15:34:40.802 [ main ] - [ INFO  ] [o.s.beans.factory.xml.XmlBeanDefinitionReader : 317 ] - Loading XML bean definitions from class path resource [spring-dubbo-provide.xml]
2016-11-21 15:34:41.102 [ main ] - [ INFO  ] [o.s.b.factory.config.PropertyPlaceholderConfigurer : 172 ] - Loading properties file from class path resource [acc_exception.properties]
2016-11-21 15:34:41.103 [ main ] - [ INFO  ] [o.s.b.factory.config.PropertyPlaceholderConfigurer : 172 ] - Loading properties file from file [F:\workContent\config\acc\config.properties]
2016-11-21 15:34:41.103 [ main ] - [ INFO  ] [o.s.b.factory.config.PropertyPlaceholderConfigurer : 172 ] - Loading properties file from file [F:\workContent\config\acc\dubbo.properties]
2016-11-21 15:34:41.104 [ main ] - [ INFO  ] [o.s.b.factory.config.PropertyPlaceholderConfigurer : 172 ] - Loading properties file from file [F:\workContent\config\acc\field.properties]
2016-11-21 15:34:41.104 [ main ] - [ INFO  ] [o.s.b.factory.config.PropertyPlaceholderConfigurer : 172 ] - Loading properties file from class path resource [conf/config.properties]
2016-11-21 15:34:41.108 [ main ] - [ WARN  ] [o.s.context.support.ClassPathXmlApplicationContext : 544 ] - Exception encountered during context initialization - cancelling refresh attempt
org.springframework.beans.factory.BeanInitializationException: Could not load properties; nested exception is java.io.FileNotFoundException: class path resource [conf/config.properties] cannot be opened because it does not exist
	at org.springframework.beans.factory.config.PropertyResourceConfigurer.postProcessBeanFactory(PropertyResourceConfigurer.java:89) ~[spring-beans-4.2.0.RELEASE.jar:4.2.0.RELEASE]
	at org.springframework.context.support.PostProcessorRegistrationDelegate.invokeBeanFactoryPostProcessors(PostProcessorRegistrationDelegate.java:284) ~[spring-context-4.2.0.RELEASE.jar:4.2.0.RELEASE]
	at org.springframework.context.support.PostProcessorRegistrationDelegate.invokeBeanFactoryPostProcessors(PostProcessorRegistrationDelegate.java:166) ~[spring-context-4.2.0.RELEASE.jar:4.2.0.RELEASE]
	at org.springframework.context.support.AbstractApplicationContext.invokeBeanFactoryPostProcessors(AbstractApplicationContext.java:673) ~[spring-context-4.2.0.RELEASE.jar:4.2.0.RELEASE]
	at org.springframework.context.support.AbstractApplicationContext.refresh(AbstractApplicationContext.java:519) ~[spring-context-4.2.0.RELEASE.jar:4.2.0.RELEASE]
	at org.springframework.context.support.ClassPathXmlApplicationContext.<init>(ClassPathXmlApplicationContext.java:139) [spring-context-4.2.0.RELEASE.jar:4.2.0.RELEASE]
	at org.springframework.context.support.ClassPathXmlApplicationContext.<init>(ClassPathXmlApplicationContext.java:93) [spring-context-4.2.0.RELEASE.jar:4.2.0.RELEASE]
	at com.alibaba.dubbo.container.spring.SpringContainer.start(SpringContainer.java:50) [dubbo-2.5.3.jar:2.5.3]
	at com.alibaba.dubbo.container.Main.main(Main.java:80) [dubbo-2.5.3.jar:2.5.3]
Caused by: java.io.FileNotFoundException: class path resource [conf/config.properties] cannot be opened because it does not exist
	at org.springframework.core.io.ClassPathResource.getInputStream(ClassPathResource.java:172) ~[spring-core-4.2.0.RELEASE.jar:4.2.0.RELEASE]
	at org.springframework.core.io.support.EncodedResource.getInputStream(EncodedResource.java:153) ~[spring-core-4.2.0.RELEASE.jar:4.2.0.RELEASE]
	at org.springframework.core.io.support.PropertiesLoaderUtils.fillProperties(PropertiesLoaderUtils.java:98) ~[spring-core-4.2.0.RELEASE.jar:4.2.0.RELEASE]
	at org.springframework.core.io.support.PropertiesLoaderSupport.loadProperties(PropertiesLoaderSupport.java:175) ~[spring-core-4.2.0.RELEASE.jar:4.2.0.RELEASE]
	at org.springframework.core.io.support.PropertiesLoaderSupport.mergeProperties(PropertiesLoaderSupport.java:156) ~[spring-core-4.2.0.RELEASE.jar:4.2.0.RELEASE]
	at org.springframework.beans.factory.config.PropertyResourceConfigurer.postProcessBeanFactory(PropertyResourceConfigurer.java:80) ~[spring-beans-4.2.0.RELEASE.jar:4.2.0.RELEASE]
	... 8 common frames omitted
2016-11-21 15:50:50.954 [ main ] - [ INFO  ] [o.s.context.support.ClassPathXmlApplicationContext : 573 ] - Refreshing org.springframework.context.support.ClassPathXmlApplicationContext@e6f8b7e: startup date [Mon Nov 21 15:50:50 CST 2016]; root of context hierarchy
2016-11-21 15:50:51.006 [ main ] - [ INFO  ] [o.s.beans.factory.xml.XmlBeanDefinitionReader : 317 ] - Loading XML bean definitions from file [F:\git\zplatform-acc-service\zplatform-acc-server\target\classes\META-INF\spring\spring-context.xml]
2016-11-21 15:50:51.231 [ main ] - [ INFO  ] [o.s.beans.factory.xml.XmlBeanDefinitionReader : 317 ] - Loading XML bean definitions from class path resource [spring-hibernate.xml]
2016-11-21 15:50:51.295 [ main ] - [ INFO  ] [o.s.beans.factory.xml.XmlBeanDefinitionReader : 317 ] - Loading XML bean definitions from class path resource [spring-dubbo-provide.xml]
2016-11-21 15:50:51.518 [ main ] - [ INFO  ] [o.s.b.factory.config.PropertyPlaceholderConfigurer : 172 ] - Loading properties file from file [F:\git\zplatform-acc-service\zplatform-acc-server\target\classes\acc_exception.properties]
2016-11-21 15:50:51.519 [ main ] - [ INFO  ] [o.s.b.factory.config.PropertyPlaceholderConfigurer : 172 ] - Loading properties file from file [F:\git\zplatform-acc-service\zplatform-acc-server\target\classes\config.properties]
2016-11-21 15:50:51.520 [ main ] - [ INFO  ] [o.s.b.factory.config.PropertyPlaceholderConfigurer : 172 ] - Loading properties file from file [F:\git\zplatform-acc-service\zplatform-acc-server\target\classes\dubbo.properties]
2016-11-21 15:50:51.520 [ main ] - [ INFO  ] [o.s.b.factory.config.PropertyPlaceholderConfigurer : 172 ] - Loading properties file from class path resource [acc_exception.properties]
2016-11-21 15:50:51.522 [ main ] - [ INFO  ] [o.s.b.factory.config.PropertyPlaceholderConfigurer : 172 ] - Loading properties file from file [F:\workContent\config\acc\config.properties]
2016-11-21 15:50:51.522 [ main ] - [ INFO  ] [o.s.b.factory.config.PropertyPlaceholderConfigurer : 172 ] - Loading properties file from file [F:\workContent\config\acc\dubbo.properties]
2016-11-21 15:50:51.522 [ main ] - [ INFO  ] [o.s.b.factory.config.PropertyPlaceholderConfigurer : 172 ] - Loading properties file from file [F:\workContent\config\acc\field.properties]
2016-11-21 15:50:51.582 [ main ] - [ WARN  ] [o.s.context.support.ClassPathXmlApplicationContext : 544 ] - Exception encountered during context initialization - cancelling refresh attempt
org.springframework.beans.factory.BeanCreationException: Error creating bean with name 'org.springframework.context.event.internalEventListenerProcessor': BeanPostProcessor before instantiation of bean failed; nested exception is org.springframework.beans.factory.BeanCreationException: Error creating bean with name 'org.springframework.aop.aspectj.AspectJPointcutAdvisor#0': Cannot create inner bean '(inner bean)#2d9bcd53' of type [org.springframework.aop.aspectj.AspectJMethodBeforeAdvice] while setting constructor argument; nested exception is org.springframework.beans.factory.BeanCreationException: Error creating bean with name '(inner bean)#2d9bcd53': Cannot create inner bean '(inner bean)#4c582a5e' of type [org.springframework.aop.config.MethodLocatingFactoryBean] while setting constructor argument; nested exception is org.springframework.beans.factory.BeanCreationException: Error creating bean with name '(inner bean)#4c582a5e': Initialization of bean failed; nested exception is org.springframework.beans.factory.CannotLoadBeanClassException: Cannot find class [com.zlebank.zplatform.acc.aop.LogHelper] for bean with name 'logHelper' defined in file [F:\git\zplatform-acc-service\zplatform-acc-server\target\classes\META-INF\spring\spring-context.xml]; nested exception is java.lang.ClassNotFoundException: com.zlebank.zplatform.acc.aop.LogHelper
	at org.springframework.beans.factory.support.AbstractAutowireCapableBeanFactory.createBean(AbstractAutowireCapableBeanFactory.java:478) ~[spring-beans-4.2.0.RELEASE.jar:4.2.0.RELEASE]
	at org.springframework.beans.factory.support.AbstractBeanFactory$1.getObject(AbstractBeanFactory.java:305) ~[spring-beans-4.2.0.RELEASE.jar:4.2.0.RELEASE]
	at org.springframework.beans.factory.support.DefaultSingletonBeanRegistry.getSingleton(DefaultSingletonBeanRegistry.java:230) ~[spring-beans-4.2.0.RELEASE.jar:4.2.0.RELEASE]
	at org.springframework.beans.factory.support.AbstractBeanFactory.doGetBean(AbstractBeanFactory.java:301) ~[spring-beans-4.2.0.RELEASE.jar:4.2.0.RELEASE]
	at org.springframework.beans.factory.support.AbstractBeanFactory.getBean(AbstractBeanFactory.java:196) ~[spring-beans-4.2.0.RELEASE.jar:4.2.0.RELEASE]
	at org.springframework.beans.factory.support.DefaultListableBeanFactory.preInstantiateSingletons(DefaultListableBeanFactory.java:772) ~[spring-beans-4.2.0.RELEASE.jar:4.2.0.RELEASE]
	at org.springframework.context.support.AbstractApplicationContext.finishBeanFactoryInitialization(AbstractApplicationContext.java:834) ~[spring-context-4.2.0.RELEASE.jar:4.2.0.RELEASE]
	at org.springframework.context.support.AbstractApplicationContext.refresh(AbstractApplicationContext.java:537) ~[spring-context-4.2.0.RELEASE.jar:4.2.0.RELEASE]
	at org.springframework.context.support.ClassPathXmlApplicationContext.<init>(ClassPathXmlApplicationContext.java:139) [spring-context-4.2.0.RELEASE.jar:4.2.0.RELEASE]
	at org.springframework.context.support.ClassPathXmlApplicationContext.<init>(ClassPathXmlApplicationContext.java:93) [spring-context-4.2.0.RELEASE.jar:4.2.0.RELEASE]
	at com.alibaba.dubbo.container.spring.SpringContainer.start(SpringContainer.java:50) [dubbo-2.5.3.jar:2.5.3]
	at com.alibaba.dubbo.container.Main.main(Main.java:80) [dubbo-2.5.3.jar:2.5.3]
Caused by: org.springframework.beans.factory.BeanCreationException: Error creating bean with name 'org.springframework.aop.aspectj.AspectJPointcutAdvisor#0': Cannot create inner bean '(inner bean)#2d9bcd53' of type [org.springframework.aop.aspectj.AspectJMethodBeforeAdvice] while setting constructor argument; nested exception is org.springframework.beans.factory.BeanCreationException: Error creating bean with name '(inner bean)#2d9bcd53': Cannot create inner bean '(inner bean)#4c582a5e' of type [org.springframework.aop.config.MethodLocatingFactoryBean] while setting constructor argument; nested exception is org.springframework.beans.factory.BeanCreationException: Error creating bean with name '(inner bean)#4c582a5e': Initialization of bean failed; nested exception is org.springframework.beans.factory.CannotLoadBeanClassException: Cannot find class [com.zlebank.zplatform.acc.aop.LogHelper] for bean with name 'logHelper' defined in file [F:\git\zplatform-acc-service\zplatform-acc-server\target\classes\META-INF\spring\spring-context.xml]; nested exception is java.lang.ClassNotFoundException: com.zlebank.zplatform.acc.aop.LogHelper
	at org.springframework.beans.factory.support.BeanDefinitionValueResolver.resolveInnerBean(BeanDefinitionValueResolver.java:313) ~[spring-beans-4.2.0.RELEASE.jar:4.2.0.RELEASE]
	at org.springframework.beans.factory.support.BeanDefinitionValueResolver.resolveValueIfNecessary(BeanDefinitionValueResolver.java:129) ~[spring-beans-4.2.0.RELEASE.jar:4.2.0.RELEASE]
	at org.springframework.beans.factory.support.ConstructorResolver.resolveConstructorArguments(ConstructorResolver.java:648) ~[spring-beans-4.2.0.RELEASE.jar:4.2.0.RELEASE]
	at org.springframework.beans.factory.support.ConstructorResolver.autowireConstructor(ConstructorResolver.java:140) ~[spring-beans-4.2.0.RELEASE.jar:4.2.0.RELEASE]
	at org.springframework.beans.factory.support.AbstractAutowireCapableBeanFactory.autowireConstructor(AbstractAutowireCapableBeanFactory.java:1143) ~[spring-beans-4.2.0.RELEASE.jar:4.2.0.RELEASE]
	at org.springframework.beans.factory.support.AbstractAutowireCapableBeanFactory.createBeanInstance(AbstractAutowireCapableBeanFactory.java:1046) ~[spring-beans-4.2.0.RELEASE.jar:4.2.0.RELEASE]
	at org.springframework.beans.factory.support.AbstractAutowireCapableBeanFactory.doCreateBean(AbstractAutowireCapableBeanFactory.java:510) ~[spring-beans-4.2.0.RELEASE.jar:4.2.0.RELEASE]
	at org.springframework.beans.factory.support.AbstractAutowireCapableBeanFactory.createBean(AbstractAutowireCapableBeanFactory.java:482) ~[spring-beans-4.2.0.RELEASE.jar:4.2.0.RELEASE]
	at org.springframework.beans.factory.support.AbstractBeanFactory$1.getObject(AbstractBeanFactory.java:305) ~[spring-beans-4.2.0.RELEASE.jar:4.2.0.RELEASE]
	at org.springframework.beans.factory.support.DefaultSingletonBeanRegistry.getSingleton(DefaultSingletonBeanRegistry.java:230) ~[spring-beans-4.2.0.RELEASE.jar:4.2.0.RELEASE]
	at org.springframework.beans.factory.support.AbstractBeanFactory.doGetBean(AbstractBeanFactory.java:301) ~[spring-beans-4.2.0.RELEASE.jar:4.2.0.RELEASE]
	at org.springframework.beans.factory.support.AbstractBeanFactory.getBean(AbstractBeanFactory.java:201) ~[spring-beans-4.2.0.RELEASE.jar:4.2.0.RELEASE]
	at org.springframework.aop.framework.autoproxy.BeanFactoryAdvisorRetrievalHelper.findAdvisorBeans(BeanFactoryAdvisorRetrievalHelper.java:92) ~[spring-aop-4.2.0.RELEASE.jar:4.2.0.RELEASE]
	at org.springframework.aop.framework.autoproxy.AbstractAdvisorAutoProxyCreator.findCandidateAdvisors(AbstractAdvisorAutoProxyCreator.java:101) ~[spring-aop-4.2.0.RELEASE.jar:4.2.0.RELEASE]
	at org.springframework.aop.aspectj.autoproxy.AspectJAwareAdvisorAutoProxyCreator.shouldSkip(AspectJAwareAdvisorAutoProxyCreator.java:103) ~[spring-aop-4.2.0.RELEASE.jar:4.2.0.RELEASE]
	at org.springframework.aop.framework.autoproxy.AbstractAutoProxyCreator.postProcessBeforeInstantiation(AbstractAutoProxyCreator.java:243) ~[spring-aop-4.2.0.RELEASE.jar:4.2.0.RELEASE]
	at org.springframework.beans.factory.support.AbstractAutowireCapableBeanFactory.applyBeanPostProcessorsBeforeInstantiation(AbstractAutowireCapableBeanFactory.java:988) ~[spring-beans-4.2.0.RELEASE.jar:4.2.0.RELEASE]
	at org.springframework.beans.factory.support.AbstractAutowireCapableBeanFactory.resolveBeforeInstantiation(AbstractAutowireCapableBeanFactory.java:959) ~[spring-beans-4.2.0.RELEASE.jar:4.2.0.RELEASE]
	at org.springframework.beans.factory.support.AbstractAutowireCapableBeanFactory.createBean(AbstractAutowireCapableBeanFactory.java:472) ~[spring-beans-4.2.0.RELEASE.jar:4.2.0.RELEASE]
	... 11 common frames omitted
Caused by: org.springframework.beans.factory.BeanCreationException: Error creating bean with name '(inner bean)#2d9bcd53': Cannot create inner bean '(inner bean)#4c582a5e' of type [org.springframework.aop.config.MethodLocatingFactoryBean] while setting constructor argument; nested exception is org.springframework.beans.factory.BeanCreationException: Error creating bean with name '(inner bean)#4c582a5e': Initialization of bean failed; nested exception is org.springframework.beans.factory.CannotLoadBeanClassException: Cannot find class [com.zlebank.zplatform.acc.aop.LogHelper] for bean with name 'logHelper' defined in file [F:\git\zplatform-acc-service\zplatform-acc-server\target\classes\META-INF\spring\spring-context.xml]; nested exception is java.lang.ClassNotFoundException: com.zlebank.zplatform.acc.aop.LogHelper
	at org.springframework.beans.factory.support.BeanDefinitionValueResolver.resolveInnerBean(BeanDefinitionValueResolver.java:313) ~[spring-beans-4.2.0.RELEASE.jar:4.2.0.RELEASE]
	at org.springframework.beans.factory.support.BeanDefinitionValueResolver.resolveValueIfNecessary(BeanDefinitionValueResolver.java:129) ~[spring-beans-4.2.0.RELEASE.jar:4.2.0.RELEASE]
	at org.springframework.beans.factory.support.ConstructorResolver.resolveConstructorArguments(ConstructorResolver.java:634) ~[spring-beans-4.2.0.RELEASE.jar:4.2.0.RELEASE]
	at org.springframework.beans.factory.support.ConstructorResolver.autowireConstructor(ConstructorResolver.java:140) ~[spring-beans-4.2.0.RELEASE.jar:4.2.0.RELEASE]
	at org.springframework.beans.factory.support.AbstractAutowireCapableBeanFactory.autowireConstructor(AbstractAutowireCapableBeanFactory.java:1143) ~[spring-beans-4.2.0.RELEASE.jar:4.2.0.RELEASE]
	at org.springframework.beans.factory.support.AbstractAutowireCapableBeanFactory.createBeanInstance(AbstractAutowireCapableBeanFactory.java:1046) ~[spring-beans-4.2.0.RELEASE.jar:4.2.0.RELEASE]
	at org.springframework.beans.factory.support.AbstractAutowireCapableBeanFactory.doCreateBean(AbstractAutowireCapableBeanFactory.java:510) ~[spring-beans-4.2.0.RELEASE.jar:4.2.0.RELEASE]
	at org.springframework.beans.factory.support.AbstractAutowireCapableBeanFactory.createBean(AbstractAutowireCapableBeanFactory.java:482) ~[spring-beans-4.2.0.RELEASE.jar:4.2.0.RELEASE]
	at org.springframework.beans.factory.support.BeanDefinitionValueResolver.resolveInnerBean(BeanDefinitionValueResolver.java:299) ~[spring-beans-4.2.0.RELEASE.jar:4.2.0.RELEASE]
	... 29 common frames omitted
Caused by: org.springframework.beans.factory.BeanCreationException: Error creating bean with name '(inner bean)#4c582a5e': Initialization of bean failed; nested exception is org.springframework.beans.factory.CannotLoadBeanClassException: Cannot find class [com.zlebank.zplatform.acc.aop.LogHelper] for bean with name 'logHelper' defined in file [F:\git\zplatform-acc-service\zplatform-acc-server\target\classes\META-INF\spring\spring-context.xml]; nested exception is java.lang.ClassNotFoundException: com.zlebank.zplatform.acc.aop.LogHelper
	at org.springframework.beans.factory.support.AbstractAutowireCapableBeanFactory.doCreateBean(AbstractAutowireCapableBeanFactory.java:553) ~[spring-beans-4.2.0.RELEASE.jar:4.2.0.RELEASE]
	at org.springframework.beans.factory.support.AbstractAutowireCapableBeanFactory.createBean(AbstractAutowireCapableBeanFactory.java:482) ~[spring-beans-4.2.0.RELEASE.jar:4.2.0.RELEASE]
	at org.springframework.beans.factory.support.BeanDefinitionValueResolver.resolveInnerBean(BeanDefinitionValueResolver.java:299) ~[spring-beans-4.2.0.RELEASE.jar:4.2.0.RELEASE]
	... 37 common frames omitted
Caused by: org.springframework.beans.factory.CannotLoadBeanClassException: Cannot find class [com.zlebank.zplatform.acc.aop.LogHelper] for bean with name 'logHelper' defined in file [F:\git\zplatform-acc-service\zplatform-acc-server\target\classes\META-INF\spring\spring-context.xml]; nested exception is java.lang.ClassNotFoundException: com.zlebank.zplatform.acc.aop.LogHelper
	at org.springframework.beans.factory.support.AbstractBeanFactory.resolveBeanClass(AbstractBeanFactory.java:1351) ~[spring-beans-4.2.0.RELEASE.jar:4.2.0.RELEASE]
	at org.springframework.beans.factory.support.AbstractAutowireCapableBeanFactory.determineTargetType(AbstractAutowireCapableBeanFactory.java:628) ~[spring-beans-4.2.0.RELEASE.jar:4.2.0.RELEASE]
	at org.springframework.beans.factory.support.AbstractAutowireCapableBeanFactory.predictBeanType(AbstractAutowireCapableBeanFactory.java:597) ~[spring-beans-4.2.0.RELEASE.jar:4.2.0.RELEASE]
	at org.springframework.beans.factory.support.AbstractBeanFactory.getType(AbstractBeanFactory.java:608) ~[spring-beans-4.2.0.RELEASE.jar:4.2.0.RELEASE]
	at org.springframework.aop.config.MethodLocatingFactoryBean.setBeanFactory(MethodLocatingFactoryBean.java:69) ~[spring-aop-4.2.0.RELEASE.jar:4.2.0.RELEASE]
	at org.springframework.beans.factory.support.AbstractAutowireCapableBeanFactory.invokeAwareMethods(AbstractAutowireCapableBeanFactory.java:1597) ~[spring-beans-4.2.0.RELEASE.jar:4.2.0.RELEASE]
	at org.springframework.beans.factory.support.AbstractAutowireCapableBeanFactory.initializeBean(AbstractAutowireCapableBeanFactory.java:1565) ~[spring-beans-4.2.0.RELEASE.jar:4.2.0.RELEASE]
	at org.springframework.beans.factory.support.AbstractAutowireCapableBeanFactory.doCreateBean(AbstractAutowireCapableBeanFactory.java:545) ~[spring-beans-4.2.0.RELEASE.jar:4.2.0.RELEASE]
	... 39 common frames omitted
Caused by: java.lang.ClassNotFoundException: com.zlebank.zplatform.acc.aop.LogHelper
	at java.net.URLClassLoader$1.run(URLClassLoader.java:366) ~[na:1.7.0_13]
	at java.net.URLClassLoader$1.run(URLClassLoader.java:355) ~[na:1.7.0_13]
	at java.security.AccessController.doPrivileged(Native Method) ~[na:1.7.0_13]
	at java.net.URLClassLoader.findClass(URLClassLoader.java:354) ~[na:1.7.0_13]
	at java.lang.ClassLoader.loadClass(ClassLoader.java:423) ~[na:1.7.0_13]
	at sun.misc.Launcher$AppClassLoader.loadClass(Launcher.java:308) ~[na:1.7.0_13]
	at java.lang.ClassLoader.loadClass(ClassLoader.java:356) ~[na:1.7.0_13]
	at org.springframework.util.ClassUtils.forName(ClassUtils.java:250) ~[spring-core-4.2.0.RELEASE.jar:4.2.0.RELEASE]
	at org.springframework.beans.factory.support.AbstractBeanDefinition.resolveBeanClass(AbstractBeanDefinition.java:394) ~[spring-beans-4.2.0.RELEASE.jar:4.2.0.RELEASE]
	at org.springframework.beans.factory.support.AbstractBeanFactory.doResolveBeanClass(AbstractBeanFactory.java:1396) ~[spring-beans-4.2.0.RELEASE.jar:4.2.0.RELEASE]
	at org.springframework.beans.factory.support.AbstractBeanFactory.resolveBeanClass(AbstractBeanFactory.java:1343) ~[spring-beans-4.2.0.RELEASE.jar:4.2.0.RELEASE]
	... 46 common frames omitted
2016-11-21 15:51:25.477 [ main ] - [ INFO  ] [o.s.context.support.ClassPathXmlApplicationContext : 573 ] - Refreshing org.springframework.context.support.ClassPathXmlApplicationContext@e6f8b7e: startup date [Mon Nov 21 15:51:25 CST 2016]; root of context hierarchy
2016-11-21 15:51:25.529 [ main ] - [ INFO  ] [o.s.beans.factory.xml.XmlBeanDefinitionReader : 317 ] - Loading XML bean definitions from file [F:\git\zplatform-acc-service\zplatform-acc-server\target\classes\META-INF\spring\spring-context.xml]
2016-11-21 15:51:25.850 [ main ] - [ INFO  ] [o.s.beans.factory.xml.XmlBeanDefinitionReader : 317 ] - Loading XML bean definitions from class path resource [spring-hibernate.xml]
2016-11-21 15:51:25.978 [ main ] - [ INFO  ] [o.s.beans.factory.xml.XmlBeanDefinitionReader : 317 ] - Loading XML bean definitions from class path resource [spring-dubbo-provide.xml]
2016-11-21 15:51:26.255 [ main ] - [ INFO  ] [o.s.b.factory.config.PropertyPlaceholderConfigurer : 172 ] - Loading properties file from file [F:\git\zplatform-acc-service\zplatform-acc-server\target\classes\acc_exception.properties]
2016-11-21 15:51:26.255 [ main ] - [ INFO  ] [o.s.b.factory.config.PropertyPlaceholderConfigurer : 172 ] - Loading properties file from file [F:\git\zplatform-acc-service\zplatform-acc-server\target\classes\config.properties]
2016-11-21 15:51:26.256 [ main ] - [ INFO  ] [o.s.b.factory.config.PropertyPlaceholderConfigurer : 172 ] - Loading properties file from file [F:\git\zplatform-acc-service\zplatform-acc-server\target\classes\dubbo.properties]
2016-11-21 15:51:26.256 [ main ] - [ INFO  ] [o.s.b.factory.config.PropertyPlaceholderConfigurer : 172 ] - Loading properties file from class path resource [acc_exception.properties]
2016-11-21 15:51:26.257 [ main ] - [ INFO  ] [o.s.b.factory.config.PropertyPlaceholderConfigurer : 172 ] - Loading properties file from file [F:\workContent\config\acc\config.properties]
2016-11-21 15:51:26.258 [ main ] - [ INFO  ] [o.s.b.factory.config.PropertyPlaceholderConfigurer : 172 ] - Loading properties file from file [F:\workContent\config\acc\dubbo.properties]
2016-11-21 15:51:26.258 [ main ] - [ INFO  ] [o.s.b.factory.config.PropertyPlaceholderConfigurer : 172 ] - Loading properties file from file [F:\workContent\config\acc\field.properties]
2016-11-21 15:51:28.804 [ main ] - [ INFO  ] [org.springframework.aop.framework.CglibAopProxy : 264 ] - Unable to proxy method [protected final java.io.File org.springframework.web.context.support.WebApplicationObjectSupport.getTempDir() throws java.lang.IllegalStateException] because it is final: All calls to this method via a proxy will NOT be routed to the target instance.
2016-11-21 15:51:28.804 [ main ] - [ INFO  ] [org.springframework.aop.framework.CglibAopProxy : 264 ] - Unable to proxy method [protected final org.springframework.web.context.WebApplicationContext org.springframework.web.context.support.WebApplicationObjectSupport.getWebApplicationContext() throws java.lang.IllegalStateException] because it is final: All calls to this method via a proxy will NOT be routed to the target instance.
2016-11-21 15:51:28.804 [ main ] - [ INFO  ] [org.springframework.aop.framework.CglibAopProxy : 264 ] - Unable to proxy method [public final void org.springframework.web.context.support.WebApplicationObjectSupport.setServletContext(javax.servlet.ServletContext)] because it is final: All calls to this method via a proxy will NOT be routed to the target instance.
2016-11-21 15:51:28.804 [ main ] - [ INFO  ] [org.springframework.aop.framework.CglibAopProxy : 264 ] - Unable to proxy method [protected final javax.servlet.ServletContext org.springframework.web.context.support.WebApplicationObjectSupport.getServletContext() throws java.lang.IllegalStateException] because it is final: All calls to this method via a proxy will NOT be routed to the target instance.
2016-11-21 15:51:28.805 [ main ] - [ INFO  ] [org.springframework.aop.framework.CglibAopProxy : 264 ] - Unable to proxy method [public final org.springframework.context.ApplicationContext org.springframework.context.support.ApplicationObjectSupport.getApplicationContext() throws java.lang.IllegalStateException] because it is final: All calls to this method via a proxy will NOT be routed to the target instance.
2016-11-21 15:51:28.805 [ main ] - [ INFO  ] [org.springframework.aop.framework.CglibAopProxy : 264 ] - Unable to proxy method [public final void org.springframework.context.support.ApplicationObjectSupport.setApplicationContext(org.springframework.context.ApplicationContext) throws org.springframework.beans.BeansException] because it is final: All calls to this method via a proxy will NOT be routed to the target instance.
2016-11-21 15:51:28.805 [ main ] - [ INFO  ] [org.springframework.aop.framework.CglibAopProxy : 264 ] - Unable to proxy method [protected final org.springframework.context.support.MessageSourceAccessor org.springframework.context.support.ApplicationObjectSupport.getMessageSourceAccessor() throws java.lang.IllegalStateException] because it is final: All calls to this method via a proxy will NOT be routed to the target instance.
2016-11-21 15:51:29.005 [ main ] - [ INFO  ] [o.s.orm.hibernate4.HibernateTransactionManager : 360 ] - Using DataSource [{
	CreateTime:"2016-11-21 15:51:26",
	ActiveCount:0,
	PoolingCount:1,
	CreateCount:1,
	DestroyCount:0,
	CloseCount:1,
	ConnectCount:1,
	Connections:[
		{ID:1037196562, ConnectTime:"2016-11-21 15:51:27", UseCount:1, LastActiveTime:"2016-11-21 15:51:28"}
	]
}] of Hibernate SessionFactory for HibernateTransactionManager
2016-11-21 15:51:29.634 [ main ] - [ INFO  ] [org.apache.zookeeper.ZooKeeper : 100 ] - Client environment:zookeeper.version=3.4.6-1569965, built on 02/20/2014 09:09 GMT
2016-11-21 15:51:29.634 [ main ] - [ INFO  ] [org.apache.zookeeper.ZooKeeper : 100 ] - Client environment:host.name=houyong
2016-11-21 15:51:29.634 [ main ] - [ INFO  ] [org.apache.zookeeper.ZooKeeper : 100 ] - Client environment:java.version=1.7.0_13
2016-11-21 15:51:29.634 [ main ] - [ INFO  ] [org.apache.zookeeper.ZooKeeper : 100 ] - Client environment:java.vendor=Oracle Corporation
2016-11-21 15:51:29.634 [ main ] - [ INFO  ] [org.apache.zookeeper.ZooKeeper : 100 ] - Client environment:java.home=C:\Program Files\Java\jdk1.7.0_13\jre
2016-11-21 15:51:29.635 [ main ] - [ INFO  ] [org.apache.zookeeper.ZooKeeper : 100 ] - Client environment:java.class.path=F:\git\zplatform-acc-service\zplatform-acc-server\target\classes;F:\git\zplatform-acc-service\zplatform-acc-service\target\classes;F:\git\zplatform-acc-service\zplatform-acc-bean\target\classes;F:\git\zplatform-member-commons\zplatform-member-commons\target\classes;C:\Users\houyong\.m2\repository\com\alibaba\fastjson\1.2.7\fastjson-1.2.7.jar;C:\Users\houyong\.m2\repository\com\google\guava\guava\19.0\guava-19.0.jar;C:\Users\houyong\.m2\repository\org\springframework\spring-context-support\4.2.0.RELEASE\spring-context-support-4.2.0.RELEASE.jar;C:\Users\houyong\.m2\repository\org\springframework\spring-orm\4.2.0.RELEASE\spring-orm-4.2.0.RELEASE.jar;C:\Users\houyong\.m2\repository\org\springframework\spring-jdbc\4.2.0.RELEASE\spring-jdbc-4.2.0.RELEASE.jar;C:\Users\houyong\.m2\repository\org\springframework\spring-tx\4.2.0.RELEASE\spring-tx-4.2.0.RELEASE.jar;C:\Users\houyong\.m2\repository\commons-net\commons-net\3.3\commons-net-3.3.jar;C:\Users\houyong\.m2\repository\org\hibernate\hibernate-c3p0\4.2.0.Final\hibernate-c3p0-4.2.0.Final.jar;C:\Users\houyong\.m2\repository\org\jboss\logging\jboss-logging\3.1.0.GA\jboss-logging-3.1.0.GA.jar;C:\Users\houyong\.m2\repository\org\hibernate\hibernate-core\4.2.0.Final\hibernate-core-4.2.0.Final.jar;C:\Users\houyong\.m2\repository\antlr\antlr\2.7.7\antlr-2.7.7.jar;C:\Users\houyong\.m2\repository\org\jboss\spec\javax\transaction\jboss-transaction-api_1.1_spec\1.0.0.Final\jboss-transaction-api_1.1_spec-1.0.0.Final.jar;C:\Users\houyong\.m2\repository\dom4j\dom4j\1.6.1\dom4j-1.6.1.jar;C:\Users\houyong\.m2\repository\org\hibernate\javax\persistence\hibernate-jpa-2.0-api\1.0.1.Final\hibernate-jpa-2.0-api-1.0.1.Final.jar;C:\Users\houyong\.m2\repository\org\hibernate\common\hibernate-commons-annotations\4.0.1.Final\hibernate-commons-annotations-4.0.1.Final.jar;C:\Users\houyong\.m2\repository\c3p0\c3p0\0.9.1\c3p0-0.9.1.jar;C:\Users\houyong\.m2\repository\org\hibernate\hibernate-validator\4.2.0.Final\hibernate-validator-4.2.0.Final.jar;C:\Users\houyong\.m2\repository\javax\validation\validation-api\1.0.0.GA\validation-api-1.0.0.GA.jar;C:\Users\houyong\.m2\repository\com\oracle\ojdbc6\11\ojdbc6-11.jar;C:\Users\houyong\.m2\repository\cglib\cglib\2.2\cglib-2.2.jar;C:\Users\houyong\.m2\repository\asm\asm\3.1\asm-3.1.jar;C:\Users\houyong\.m2\repository\com\zlebank\zplatform\javabase64\1.3.1\javabase64-1.3.1.jar;F:\git\zplatform-member-commons\zplatform-member-commons-api\target\classes;C:\Users\houyong\.m2\repository\net\sourceforge\jexcelapi\jxl\2.6.10\jxl-2.6.10.jar;C:\Users\houyong\.m2\repository\log4j\log4j\1.2.14\log4j-1.2.14.jar;C:\Users\houyong\.m2\repository\org\cheffo\jeplite\0.8.7a\jeplite-0.8.7a.jar;C:\Users\houyong\.m2\repository\net\sf\json-lib\json-lib\2.4\json-lib-2.4-jdk15.jar;C:\Users\houyong\.m2\repository\commons-beanutils\commons-beanutils\1.8.0\commons-beanutils-1.8.0.jar;C:\Users\houyong\.m2\repository\commons-collections\commons-collections\3.2.1\commons-collections-3.2.1.jar;C:\Users\houyong\.m2\repository\commons-lang\commons-lang\2.5\commons-lang-2.5.jar;C:\Users\houyong\.m2\repository\commons-logging\commons-logging\1.1.1\commons-logging-1.1.1.jar;C:\Users\houyong\.m2\repository\net\sf\ezmorph\ezmorph\1.0.6\ezmorph-1.0.6.jar;C:\Users\houyong\.m2\repository\org\springframework\spring-web\4.2.0.RELEASE\spring-web-4.2.0.RELEASE.jar;C:\Users\houyong\.m2\repository\org\springframework\spring-beans\4.2.0.RELEASE\spring-beans-4.2.0.RELEASE.jar;C:\Users\houyong\.m2\repository\org\springframework\spring-context\4.2.0.RELEASE\spring-context-4.2.0.RELEASE.jar;C:\Users\houyong\.m2\repository\org\springframework\spring-expression\4.2.0.RELEASE\spring-expression-4.2.0.RELEASE.jar;C:\Users\houyong\.m2\repository\org\springframework\spring-core\4.2.0.RELEASE\spring-core-4.2.0.RELEASE.jar;C:\Users\houyong\.m2\repository\org\springframework\spring-aspects\4.2.0.RELEASE\spring-aspects-4.2.0.RELEASE.jar;C:\Users\houyong\.m2\repository\org\aspectj\aspectjweaver\1.8.6\aspectjweaver-1.8.6.jar;C:\Users\houyong\.m2\repository\org\springframework\spring-aop\4.2.0.RELEASE\spring-aop-4.2.0.RELEASE.jar;C:\Users\houyong\.m2\repository\aopalliance\aopalliance\1.0\aopalliance-1.0.jar;C:\Users\houyong\.m2\repository\org\springframework\spring-test\4.2.0.RELEASE\spring-test-4.2.0.RELEASE.jar;C:\Users\houyong\.m2\repository\javax\servlet\servlet-api\2.5\servlet-api-2.5.jar;C:\Users\houyong\.m2\repository\com\alibaba\dubbo\2.5.3\dubbo-2.5.3.jar;C:\Users\houyong\.m2\repository\org\javassist\javassist\3.15.0-GA\javassist-3.15.0-GA.jar;C:\Users\houyong\.m2\repository\org\jboss\netty\netty\3.2.5.Final\netty-3.2.5.Final.jar;C:\Users\houyong\.m2\repository\org\apache\zookeeper\zookeeper\3.4.6\zookeeper-3.4.6.jar;C:\Users\houyong\.m2\repository\jline\jline\0.9.94\jline-0.9.94.jar;C:\Users\houyong\.m2\repository\io\netty\netty\3.7.0.Final\netty-3.7.0.Final.jar;C:\Users\houyong\.m2\repository\com\github\sgroschupf\zkclient\0.1\zkclient-0.1.jar;C:\Users\houyong\.m2\repository\org\slf4j\slf4j-api\1.7.7\slf4j-api-1.7.7.jar;C:\Users\houyong\.m2\repository\ch\qos\logback\logback-core\1.1.3\logback-core-1.1.3.jar;C:\Users\houyong\.m2\repository\ch\qos\logback\logback-classic\1.1.3\logback-classic-1.1.3.jar;C:\Users\houyong\.m2\repository\org\slf4j\slf4j-log4j12\1.7.21\slf4j-log4j12-1.7.21.jar;C:\Users\houyong\.m2\repository\org\slf4j\log4j-over-slf4j\1.7.21\log4j-over-slf4j-1.7.21.jar;C:\Users\houyong\.m2\repository\org\slf4j\jcl-over-slf4j\1.7.21\jcl-over-slf4j-1.7.21.jar;C:\Users\houyong\.m2\repository\com\alibaba\druid\1.0.26\druid-1.0.26.jar;C:\Program Files\Java\jdk1.7.0_13\lib\jconsole.jar;C:\Program Files\Java\jdk1.7.0_13\lib\tools.jar
2016-11-21 15:51:29.635 [ main ] - [ INFO  ] [org.apache.zookeeper.ZooKeeper : 100 ] - Client environment:java.library.path=C:\Program Files\Java\jdk1.7.0_13\bin;C:\Windows\Sun\Java\bin;C:\Windows\system32;C:\Windows;C:/Program Files/Java/jdk1.7.0_13/bin/../jre/bin/server;C:/Program Files/Java/jdk1.7.0_13/bin/../jre/bin;C:/Program Files/Java/jdk1.7.0_13/bin/../jre/lib/amd64;F:\app\houyong\product\11.2.0\dbhome_1;C:\Program Files\Java\jdk1.7.0_13\bin;C:\Program Files\Java\jdk1.7.0_13\jre\bin;C:\Program Files (x86)\Intel\iCLS Client\;C:\Program Files\Intel\iCLS Client\;C:\Windows\system32;C:\Windows;C:\Windows\System32\Wbem;C:\Windows\System32\WindowsPowerShell\v1.0\;C:\Program Files\Intel\Intel(R) Management Engine Components\DAL;C:\Program Files\Intel\Intel(R) Management Engine Components\IPT;C:\Program Files (x86)\Intel\Intel(R) Management Engine Components\DAL;C:\Program Files (x86)\Intel\Intel(R) Management Engine Components\IPT;C:\SWTOOLS\ReadyApps;C:\Program Files (x86)\Common Files\Lenovo;C:\Program Files (x86)\Common Files\lenovo\easyplussdk\bin;F:\Program Files\ora90\BIN\;F:\Program Files\maven\apache-maven-3.2.5\bin;C:\Program Files\TortoiseGit\bin;G:\UE;F:\workContent\SVN\bin;F:\软件程序\软件安装程序\eclipse\eclipse;;.
2016-11-21 15:51:29.635 [ main ] - [ INFO  ] [org.apache.zookeeper.ZooKeeper : 100 ] - Client environment:java.io.tmpdir=C:\Users\houyong\AppData\Local\Temp\
2016-11-21 15:51:29.635 [ main ] - [ INFO  ] [org.apache.zookeeper.ZooKeeper : 100 ] - Client environment:java.compiler=<NA>
2016-11-21 15:51:29.635 [ main ] - [ INFO  ] [org.apache.zookeeper.ZooKeeper : 100 ] - Client environment:os.name=Windows 7
2016-11-21 15:51:29.635 [ main ] - [ INFO  ] [org.apache.zookeeper.ZooKeeper : 100 ] - Client environment:os.arch=amd64
2016-11-21 15:51:29.635 [ main ] - [ INFO  ] [org.apache.zookeeper.ZooKeeper : 100 ] - Client environment:os.version=6.1
2016-11-21 15:51:29.636 [ main ] - [ INFO  ] [org.apache.zookeeper.ZooKeeper : 100 ] - Client environment:user.name=houyong
2016-11-21 15:51:29.636 [ main ] - [ INFO  ] [org.apache.zookeeper.ZooKeeper : 100 ] - Client environment:user.home=C:\Users\houyong
2016-11-21 15:51:29.636 [ main ] - [ INFO  ] [org.apache.zookeeper.ZooKeeper : 100 ] - Client environment:user.dir=F:\git\zplatform-acc-service\zplatform-acc-server
2016-11-21 15:51:29.637 [ main ] - [ INFO  ] [org.apache.zookeeper.ZooKeeper : 438 ] - Initiating client connection, connectString=192.168.101.104:2181 sessionTimeout=30000 watcher=org.I0Itec.zkclient.ZkClient@79eeed79
2016-11-21 15:51:29.641 [ main ] - [ DEBUG ] [org.apache.zookeeper.ClientCnxn : 102 ] - zookeeper.disableAutoWatchReset is false
2016-11-21 15:51:29.653 [ main-SendThread(192.168.101.104:2181) ] - [ INFO  ] [org.apache.zookeeper.ClientCnxn : 975 ] - Opening socket connection to server 192.168.101.104/192.168.101.104:2181. Will not attempt to authenticate using SASL (unknown error)
2016-11-21 15:51:29.654 [ main-SendThread(192.168.101.104:2181) ] - [ INFO  ] [org.apache.zookeeper.ClientCnxn : 852 ] - Socket connection established to 192.168.101.104/192.168.101.104:2181, initiating session
2016-11-21 15:51:29.656 [ main-SendThread(192.168.101.104:2181) ] - [ DEBUG ] [org.apache.zookeeper.ClientCnxn : 892 ] - Session establishment request sent on 192.168.101.104/192.168.101.104:2181
2016-11-21 15:51:29.662 [ main-SendThread(192.168.101.104:2181) ] - [ INFO  ] [org.apache.zookeeper.ClientCnxn : 1235 ] - Session establishment complete on server 192.168.101.104/192.168.101.104:2181, sessionid = 0x1585ea4ee370387, negotiated timeout = 30000
2016-11-21 15:51:29.675 [ main-SendThread(192.168.101.104:2181) ] - [ DEBUG ] [org.apache.zookeeper.ClientCnxn : 818 ] - Reading reply sessionid:0x1585ea4ee370387, packet:: clientPath:null serverPath:null finished:false header:: 1,1  replyHeader:: 1,88777,-110  request:: '/dubbo,,v{s{31,s{'world,'anyone}}},0  response::  
2016-11-21 15:51:29.685 [ main-SendThread(192.168.101.104:2181) ] - [ DEBUG ] [org.apache.zookeeper.ClientCnxn : 818 ] - Reading reply sessionid:0x1585ea4ee370387, packet:: clientPath:null serverPath:null finished:false header:: 2,1  replyHeader:: 2,88778,-110  request:: '/dubbo/com.zlebank.zplatform.acc.service.AccEntryService,,v{s{31,s{'world,'anyone}}},0  response::  
2016-11-21 15:51:29.688 [ main-SendThread(192.168.101.104:2181) ] - [ DEBUG ] [org.apache.zookeeper.ClientCnxn : 818 ] - Reading reply sessionid:0x1585ea4ee370387, packet:: clientPath:null serverPath:null finished:false header:: 3,1  replyHeader:: 3,88779,-110  request:: '/dubbo/com.zlebank.zplatform.acc.service.AccEntryService/providers,,v{s{31,s{'world,'anyone}}},0  response::  
2016-11-21 15:51:29.692 [ main-SendThread(192.168.101.104:2181) ] - [ DEBUG ] [org.apache.zookeeper.ClientCnxn : 818 ] - Reading reply sessionid:0x1585ea4ee370387, packet:: clientPath:null serverPath:null finished:false header:: 4,1  replyHeader:: 4,88780,0  request:: '/dubbo/com.zlebank.zplatform.acc.service.AccEntryService/providers/dubbo%253A%252F%252F192.168.17.117%253A20890%252Fcom.zlebank.zplatform.acc.service.AccEntryService%253Fanyhost%253Dtrue%2526application%253Dzplatform-acc-server%2526dubbo%253D2.5.3%2526interface%253Dcom.zlebank.zplatform.acc.service.AccEntryService%2526methods%253DaccountBatchPre%252CqueryPaged%252CaccountBatch%252CaccEntryProcess%2526owner%253Dhouyong%2526pid%253D8136%2526retries%253D3%2526revision%253D1.0%2526side%253Dprovider%2526timeout%253D3000%2526timestamp%253D1479714689342%2526version%253D1.0,,v{s{31,s{'world,'anyone}}},1  response:: '/dubbo/com.zlebank.zplatform.acc.service.AccEntryService/providers/dubbo%253A%252F%252F192.168.17.117%253A20890%252Fcom.zlebank.zplatform.acc.service.AccEntryService%253Fanyhost%253Dtrue%2526application%253Dzplatform-acc-server%2526dubbo%253D2.5.3%2526interface%253Dcom.zlebank.zplatform.acc.service.AccEntryService%2526methods%253DaccountBatchPre%252CqueryPaged%252CaccountBatch%252CaccEntryProcess%2526owner%253Dhouyong%2526pid%253D8136%2526retries%253D3%2526revision%253D1.0%2526side%253Dprovider%2526timeout%253D3000%2526timestamp%253D1479714689342%2526version%253D1.0 
2016-11-21 15:51:29.697 [ main-SendThread(192.168.101.104:2181) ] - [ DEBUG ] [org.apache.zookeeper.ClientCnxn : 818 ] - Reading reply sessionid:0x1585ea4ee370387, packet:: clientPath:null serverPath:null finished:false header:: 5,1  replyHeader:: 5,88781,-110  request:: '/dubbo,,v{s{31,s{'world,'anyone}}},0  response::  
2016-11-21 15:51:29.700 [ main-SendThread(192.168.101.104:2181) ] - [ DEBUG ] [org.apache.zookeeper.ClientCnxn : 818 ] - Reading reply sessionid:0x1585ea4ee370387, packet:: clientPath:null serverPath:null finished:false header:: 6,1  replyHeader:: 6,88782,-110  request:: '/dubbo/com.zlebank.zplatform.acc.service.AccEntryService,,v{s{31,s{'world,'anyone}}},0  response::  
2016-11-21 15:51:29.702 [ main-SendThread(192.168.101.104:2181) ] - [ DEBUG ] [org.apache.zookeeper.ClientCnxn : 818 ] - Reading reply sessionid:0x1585ea4ee370387, packet:: clientPath:null serverPath:null finished:false header:: 7,1  replyHeader:: 7,88783,-110  request:: '/dubbo/com.zlebank.zplatform.acc.service.AccEntryService/configurators,,v{s{31,s{'world,'anyone}}},0  response::  
2016-11-21 15:51:29.708 [ main-SendThread(192.168.101.104:2181) ] - [ DEBUG ] [org.apache.zookeeper.ClientCnxn : 818 ] - Reading reply sessionid:0x1585ea4ee370387, packet:: clientPath:null serverPath:null finished:false header:: 8,3  replyHeader:: 8,88783,0  request:: '/dubbo/com.zlebank.zplatform.acc.service.AccEntryService/configurators,T  response:: s{21023,21023,1478632482750,1478632482750,0,0,0,0,0,0,21023} 
2016-11-21 15:51:29.713 [ main-SendThread(192.168.101.104:2181) ] - [ DEBUG ] [org.apache.zookeeper.ClientCnxn : 818 ] - Reading reply sessionid:0x1585ea4ee370387, packet:: clientPath:null serverPath:null finished:false header:: 9,8  replyHeader:: 9,88783,0  request:: '/dubbo/com.zlebank.zplatform.acc.service.AccEntryService/configurators,T  response:: v{} 
2016-11-21 15:51:29.752 [ main-SendThread(192.168.101.104:2181) ] - [ DEBUG ] [org.apache.zookeeper.ClientCnxn : 818 ] - Reading reply sessionid:0x1585ea4ee370387, packet:: clientPath:null serverPath:null finished:false header:: 10,1  replyHeader:: 10,88784,-110  request:: '/dubbo,,v{s{31,s{'world,'anyone}}},0  response::  
2016-11-21 15:51:29.755 [ main-SendThread(192.168.101.104:2181) ] - [ DEBUG ] [org.apache.zookeeper.ClientCnxn : 818 ] - Reading reply sessionid:0x1585ea4ee370387, packet:: clientPath:null serverPath:null finished:false header:: 11,1  replyHeader:: 11,88785,-110  request:: '/dubbo/com.zlebank.zplatform.acc.service.AccountQueryService,,v{s{31,s{'world,'anyone}}},0  response::  
2016-11-21 15:51:29.760 [ main-SendThread(192.168.101.104:2181) ] - [ DEBUG ] [org.apache.zookeeper.ClientCnxn : 818 ] - Reading reply sessionid:0x1585ea4ee370387, packet:: clientPath:null serverPath:null finished:false header:: 12,1  replyHeader:: 12,88786,-110  request:: '/dubbo/com.zlebank.zplatform.acc.service.AccountQueryService/providers,,v{s{31,s{'world,'anyone}}},0  response::  
2016-11-21 15:51:29.767 [ main-SendThread(192.168.101.104:2181) ] - [ DEBUG ] [org.apache.zookeeper.ClientCnxn : 818 ] - Reading reply sessionid:0x1585ea4ee370387, packet:: clientPath:null serverPath:null finished:false header:: 13,1  replyHeader:: 13,88787,0  request:: '/dubbo/com.zlebank.zplatform.acc.service.AccountQueryService/providers/dubbo%253A%252F%252F192.168.17.117%253A20890%252Fcom.zlebank.zplatform.acc.service.AccountQueryService%253Fanyhost%253Dtrue%2526application%253Dzplatform-acc-server%2526dubbo%253D2.5.3%2526interface%253Dcom.zlebank.zplatform.acc.service.AccountQueryService%2526methods%253DgetAccEntryByQuery%252CqueryPaged%252CgetBusiACCByMid%252CgetMemberQueryByID%252CgetAccEntryByCode%252CgetAllBusiByMId%252CgetBusiQueryBybCode%252CgetAccountByID%2526owner%253Dhouyong%2526pid%253D8136%2526revision%253D1.0%2526side%253Dprovider%2526timeout%253D3000%2526timestamp%253D1479714689740%2526version%253D1.0,,v{s{31,s{'world,'anyone}}},1  response:: '/dubbo/com.zlebank.zplatform.acc.service.AccountQueryService/providers/dubbo%253A%252F%252F192.168.17.117%253A20890%252Fcom.zlebank.zplatform.acc.service.AccountQueryService%253Fanyhost%253Dtrue%2526application%253Dzplatform-acc-server%2526dubbo%253D2.5.3%2526interface%253Dcom.zlebank.zplatform.acc.service.AccountQueryService%2526methods%253DgetAccEntryByQuery%252CqueryPaged%252CgetBusiACCByMid%252CgetMemberQueryByID%252CgetAccEntryByCode%252CgetAllBusiByMId%252CgetBusiQueryBybCode%252CgetAccountByID%2526owner%253Dhouyong%2526pid%253D8136%2526revision%253D1.0%2526side%253Dprovider%2526timeout%253D3000%2526timestamp%253D1479714689740%2526version%253D1.0 
2016-11-21 15:51:29.771 [ main-SendThread(192.168.101.104:2181) ] - [ DEBUG ] [org.apache.zookeeper.ClientCnxn : 818 ] - Reading reply sessionid:0x1585ea4ee370387, packet:: clientPath:null serverPath:null finished:false header:: 14,1  replyHeader:: 14,88788,-110  request:: '/dubbo,,v{s{31,s{'world,'anyone}}},0  response::  
2016-11-21 15:51:29.773 [ main-SendThread(192.168.101.104:2181) ] - [ DEBUG ] [org.apache.zookeeper.ClientCnxn : 818 ] - Reading reply sessionid:0x1585ea4ee370387, packet:: clientPath:null serverPath:null finished:false header:: 15,1  replyHeader:: 15,88789,-110  request:: '/dubbo/com.zlebank.zplatform.acc.service.AccountQueryService,,v{s{31,s{'world,'anyone}}},0  response::  
2016-11-21 15:51:29.777 [ main-SendThread(192.168.101.104:2181) ] - [ DEBUG ] [org.apache.zookeeper.ClientCnxn : 818 ] - Reading reply sessionid:0x1585ea4ee370387, packet:: clientPath:null serverPath:null finished:false header:: 16,1  replyHeader:: 16,88790,-110  request:: '/dubbo/com.zlebank.zplatform.acc.service.AccountQueryService/configurators,,v{s{31,s{'world,'anyone}}},0  response::  
2016-11-21 15:51:29.779 [ main-SendThread(192.168.101.104:2181) ] - [ DEBUG ] [org.apache.zookeeper.ClientCnxn : 818 ] - Reading reply sessionid:0x1585ea4ee370387, packet:: clientPath:null serverPath:null finished:false header:: 17,3  replyHeader:: 17,88790,0  request:: '/dubbo/com.zlebank.zplatform.acc.service.AccountQueryService/configurators,T  response:: s{19689,19689,1478392867157,1478392867157,0,0,0,0,0,0,19689} 
2016-11-21 15:51:29.781 [ main-SendThread(192.168.101.104:2181) ] - [ DEBUG ] [org.apache.zookeeper.ClientCnxn : 818 ] - Reading reply sessionid:0x1585ea4ee370387, packet:: clientPath:null serverPath:null finished:false header:: 18,8  replyHeader:: 18,88790,0  request:: '/dubbo/com.zlebank.zplatform.acc.service.AccountQueryService/configurators,T  response:: v{} 
2016-11-21 15:51:29.799 [ main-SendThread(192.168.101.104:2181) ] - [ DEBUG ] [org.apache.zookeeper.ClientCnxn : 818 ] - Reading reply sessionid:0x1585ea4ee370387, packet:: clientPath:null serverPath:null finished:false header:: 19,1  replyHeader:: 19,88791,-110  request:: '/dubbo,,v{s{31,s{'world,'anyone}}},0  response::  
2016-11-21 15:51:29.805 [ main-SendThread(192.168.101.104:2181) ] - [ DEBUG ] [org.apache.zookeeper.ClientCnxn : 818 ] - Reading reply sessionid:0x1585ea4ee370387, packet:: clientPath:null serverPath:null finished:false header:: 20,1  replyHeader:: 20,88792,-110  request:: '/dubbo/com.zlebank.zplatform.acc.service.AccountService,,v{s{31,s{'world,'anyone}}},0  response::  
2016-11-21 15:51:29.808 [ main-SendThread(192.168.101.104:2181) ] - [ DEBUG ] [org.apache.zookeeper.ClientCnxn : 818 ] - Reading reply sessionid:0x1585ea4ee370387, packet:: clientPath:null serverPath:null finished:false header:: 21,1  replyHeader:: 21,88793,-110  request:: '/dubbo/com.zlebank.zplatform.acc.service.AccountService/providers,,v{s{31,s{'world,'anyone}}},0  response::  
2016-11-21 15:51:29.814 [ main-SendThread(192.168.101.104:2181) ] - [ DEBUG ] [org.apache.zookeeper.ClientCnxn : 818 ] - Reading reply sessionid:0x1585ea4ee370387, packet:: clientPath:null serverPath:null finished:false header:: 22,1  replyHeader:: 22,88794,0  request:: '/dubbo/com.zlebank.zplatform.acc.service.AccountService/providers/dubbo%253A%252F%252F192.168.17.117%253A20890%252Fcom.zlebank.zplatform.acc.service.AccountService%253Fanyhost%253Dtrue%2526application%253Dzplatform-acc-server%2526dubbo%253D2.5.3%2526interface%253Dcom.zlebank.zplatform.acc.service.AccountService%2526methods%253DopenAcct%252CgetByAcctCode%252CaddAcct%252CgetAccountBalanceById%2526owner%253Dhouyong%2526pid%253D8136%2526revision%253D1.0%2526side%253Dprovider%2526timeout%253D3000%2526timestamp%253D1479714689786%2526version%253D1.0,,v{s{31,s{'world,'anyone}}},1  response:: '/dubbo/com.zlebank.zplatform.acc.service.AccountService/providers/dubbo%253A%252F%252F192.168.17.117%253A20890%252Fcom.zlebank.zplatform.acc.service.AccountService%253Fanyhost%253Dtrue%2526application%253Dzplatform-acc-server%2526dubbo%253D2.5.3%2526interface%253Dcom.zlebank.zplatform.acc.service.AccountService%2526methods%253DopenAcct%252CgetByAcctCode%252CaddAcct%252CgetAccountBalanceById%2526owner%253Dhouyong%2526pid%253D8136%2526revision%253D1.0%2526side%253Dprovider%2526timeout%253D3000%2526timestamp%253D1479714689786%2526version%253D1.0 
2016-11-21 15:51:29.819 [ main-SendThread(192.168.101.104:2181) ] - [ DEBUG ] [org.apache.zookeeper.ClientCnxn : 818 ] - Reading reply sessionid:0x1585ea4ee370387, packet:: clientPath:null serverPath:null finished:false header:: 23,1  replyHeader:: 23,88795,-110  request:: '/dubbo,,v{s{31,s{'world,'anyone}}},0  response::  
2016-11-21 15:51:29.823 [ main-SendThread(192.168.101.104:2181) ] - [ DEBUG ] [org.apache.zookeeper.ClientCnxn : 818 ] - Reading reply sessionid:0x1585ea4ee370387, packet:: clientPath:null serverPath:null finished:false header:: 24,1  replyHeader:: 24,88796,-110  request:: '/dubbo/com.zlebank.zplatform.acc.service.AccountService,,v{s{31,s{'world,'anyone}}},0  response::  
2016-11-21 15:51:29.825 [ main-SendThread(192.168.101.104:2181) ] - [ DEBUG ] [org.apache.zookeeper.ClientCnxn : 818 ] - Reading reply sessionid:0x1585ea4ee370387, packet:: clientPath:null serverPath:null finished:false header:: 25,1  replyHeader:: 25,88797,-110  request:: '/dubbo/com.zlebank.zplatform.acc.service.AccountService/configurators,,v{s{31,s{'world,'anyone}}},0  response::  
2016-11-21 15:51:29.827 [ main-SendThread(192.168.101.104:2181) ] - [ DEBUG ] [org.apache.zookeeper.ClientCnxn : 818 ] - Reading reply sessionid:0x1585ea4ee370387, packet:: clientPath:null serverPath:null finished:false header:: 26,3  replyHeader:: 26,88797,0  request:: '/dubbo/com.zlebank.zplatform.acc.service.AccountService/configurators,T  response:: s{20032,20032,1478542673549,1478542673549,0,0,0,0,0,0,20032} 
2016-11-21 15:51:29.828 [ main-SendThread(192.168.101.104:2181) ] - [ DEBUG ] [org.apache.zookeeper.ClientCnxn : 818 ] - Reading reply sessionid:0x1585ea4ee370387, packet:: clientPath:null serverPath:null finished:false header:: 27,8  replyHeader:: 27,88797,0  request:: '/dubbo/com.zlebank.zplatform.acc.service.AccountService/configurators,T  response:: v{} 
2016-11-21 15:51:29.847 [ main-SendThread(192.168.101.104:2181) ] - [ DEBUG ] [org.apache.zookeeper.ClientCnxn : 818 ] - Reading reply sessionid:0x1585ea4ee370387, packet:: clientPath:null serverPath:null finished:false header:: 28,1  replyHeader:: 28,88798,-110  request:: '/dubbo,,v{s{31,s{'world,'anyone}}},0  response::  
2016-11-21 15:51:29.851 [ main-SendThread(192.168.101.104:2181) ] - [ DEBUG ] [org.apache.zookeeper.ClientCnxn : 818 ] - Reading reply sessionid:0x1585ea4ee370387, packet:: clientPath:null serverPath:null finished:false header:: 29,1  replyHeader:: 29,88799,-110  request:: '/dubbo/com.zlebank.zplatform.acc.service.BusiAcctService,,v{s{31,s{'world,'anyone}}},0  response::  
2016-11-21 15:51:29.855 [ main-SendThread(192.168.101.104:2181) ] - [ DEBUG ] [org.apache.zookeeper.ClientCnxn : 818 ] - Reading reply sessionid:0x1585ea4ee370387, packet:: clientPath:null serverPath:null finished:false header:: 30,1  replyHeader:: 30,88800,-110  request:: '/dubbo/com.zlebank.zplatform.acc.service.BusiAcctService/providers,,v{s{31,s{'world,'anyone}}},0  response::  
2016-11-21 15:51:29.858 [ main-SendThread(192.168.101.104:2181) ] - [ DEBUG ] [org.apache.zookeeper.ClientCnxn : 818 ] - Reading reply sessionid:0x1585ea4ee370387, packet:: clientPath:null serverPath:null finished:false header:: 31,1  replyHeader:: 31,88801,0  request:: '/dubbo/com.zlebank.zplatform.acc.service.BusiAcctService/providers/dubbo%253A%252F%252F192.168.17.117%253A20890%252Fcom.zlebank.zplatform.acc.service.BusiAcctService%253Fanyhost%253Dtrue%2526application%253Dzplatform-acc-server%2526dubbo%253D2.5.3%2526interface%253Dcom.zlebank.zplatform.acc.service.BusiAcctService%2526methods%253DgetAccountId%252CgetByBusiAcctCode%252CgetBusiCodeByMemberId%252CopenBusiAcct%2526owner%253Dhouyong%2526pid%253D8136%2526revision%253D1.0%2526side%253Dprovider%2526timeout%253D3000%2526timestamp%253D1479714689832%2526version%253D1.0,,v{s{31,s{'world,'anyone}}},1  response:: '/dubbo/com.zlebank.zplatform.acc.service.BusiAcctService/providers/dubbo%253A%252F%252F192.168.17.117%253A20890%252Fcom.zlebank.zplatform.acc.service.BusiAcctService%253Fanyhost%253Dtrue%2526application%253Dzplatform-acc-server%2526dubbo%253D2.5.3%2526interface%253Dcom.zlebank.zplatform.acc.service.BusiAcctService%2526methods%253DgetAccountId%252CgetByBusiAcctCode%252CgetBusiCodeByMemberId%252CopenBusiAcct%2526owner%253Dhouyong%2526pid%253D8136%2526revision%253D1.0%2526side%253Dprovider%2526timeout%253D3000%2526timestamp%253D1479714689832%2526version%253D1.0 
2016-11-21 15:51:29.863 [ main-SendThread(192.168.101.104:2181) ] - [ DEBUG ] [org.apache.zookeeper.ClientCnxn : 818 ] - Reading reply sessionid:0x1585ea4ee370387, packet:: clientPath:null serverPath:null finished:false header:: 32,1  replyHeader:: 32,88802,-110  request:: '/dubbo,,v{s{31,s{'world,'anyone}}},0  response::  
2016-11-21 15:51:29.867 [ main-SendThread(192.168.101.104:2181) ] - [ DEBUG ] [org.apache.zookeeper.ClientCnxn : 818 ] - Reading reply sessionid:0x1585ea4ee370387, packet:: clientPath:null serverPath:null finished:false header:: 33,1  replyHeader:: 33,88803,-110  request:: '/dubbo/com.zlebank.zplatform.acc.service.BusiAcctService,,v{s{31,s{'world,'anyone}}},0  response::  
2016-11-21 15:51:29.870 [ main-SendThread(192.168.101.104:2181) ] - [ DEBUG ] [org.apache.zookeeper.ClientCnxn : 818 ] - Reading reply sessionid:0x1585ea4ee370387, packet:: clientPath:null serverPath:null finished:false header:: 34,1  replyHeader:: 34,88804,-110  request:: '/dubbo/com.zlebank.zplatform.acc.service.BusiAcctService/configurators,,v{s{31,s{'world,'anyone}}},0  response::  
2016-11-21 15:51:29.872 [ main-SendThread(192.168.101.104:2181) ] - [ DEBUG ] [org.apache.zookeeper.ClientCnxn : 818 ] - Reading reply sessionid:0x1585ea4ee370387, packet:: clientPath:null serverPath:null finished:false header:: 35,3  replyHeader:: 35,88804,0  request:: '/dubbo/com.zlebank.zplatform.acc.service.BusiAcctService/configurators,T  response:: s{19966,19966,1478542397168,1478542397168,0,0,0,0,0,0,19966} 
2016-11-21 15:51:29.875 [ main-SendThread(192.168.101.104:2181) ] - [ DEBUG ] [org.apache.zookeeper.ClientCnxn : 818 ] - Reading reply sessionid:0x1585ea4ee370387, packet:: clientPath:null serverPath:null finished:false header:: 36,8  replyHeader:: 36,88804,0  request:: '/dubbo/com.zlebank.zplatform.acc.service.BusiAcctService/configurators,T  response:: v{} 
2016-11-21 15:51:29.889 [ main-SendThread(192.168.101.104:2181) ] - [ DEBUG ] [org.apache.zookeeper.ClientCnxn : 818 ] - Reading reply sessionid:0x1585ea4ee370387, packet:: clientPath:null serverPath:null finished:false header:: 37,1  replyHeader:: 37,88805,-110  request:: '/dubbo,,v{s{31,s{'world,'anyone}}},0  response::  
2016-11-21 15:51:29.892 [ main-SendThread(192.168.101.104:2181) ] - [ DEBUG ] [org.apache.zookeeper.ClientCnxn : 818 ] - Reading reply sessionid:0x1585ea4ee370387, packet:: clientPath:null serverPath:null finished:false header:: 38,1  replyHeader:: 38,88806,-110  request:: '/dubbo/com.zlebank.zplatform.acc.service.ChannelService,,v{s{31,s{'world,'anyone}}},0  response::  
2016-11-21 15:51:29.896 [ main-SendThread(192.168.101.104:2181) ] - [ DEBUG ] [org.apache.zookeeper.ClientCnxn : 818 ] - Reading reply sessionid:0x1585ea4ee370387, packet:: clientPath:null serverPath:null finished:false header:: 39,1  replyHeader:: 39,88807,-110  request:: '/dubbo/com.zlebank.zplatform.acc.service.ChannelService/providers,,v{s{31,s{'world,'anyone}}},0  response::  
2016-11-21 15:51:29.900 [ main-SendThread(192.168.101.104:2181) ] - [ DEBUG ] [org.apache.zookeeper.ClientCnxn : 818 ] - Reading reply sessionid:0x1585ea4ee370387, packet:: clientPath:null serverPath:null finished:false header:: 40,1  replyHeader:: 40,88808,0  request:: '/dubbo/com.zlebank.zplatform.acc.service.ChannelService/providers/dubbo%253A%252F%252F192.168.17.117%253A20890%252Fcom.zlebank.zplatform.acc.service.ChannelService%253Fanyhost%253Dtrue%2526application%253Dzplatform-acc-server%2526dubbo%253D2.5.3%2526interface%253Dcom.zlebank.zplatform.acc.service.ChannelService%2526methods%253DaddChannel%2526owner%253Dhouyong%2526pid%253D8136%2526revision%253D1.0%2526side%253Dprovider%2526timeout%253D3000%2526timestamp%253D1479714689879%2526version%253D1.0,,v{s{31,s{'world,'anyone}}},1  response:: '/dubbo/com.zlebank.zplatform.acc.service.ChannelService/providers/dubbo%253A%252F%252F192.168.17.117%253A20890%252Fcom.zlebank.zplatform.acc.service.ChannelService%253Fanyhost%253Dtrue%2526application%253Dzplatform-acc-server%2526dubbo%253D2.5.3%2526interface%253Dcom.zlebank.zplatform.acc.service.ChannelService%2526methods%253DaddChannel%2526owner%253Dhouyong%2526pid%253D8136%2526revision%253D1.0%2526side%253Dprovider%2526timeout%253D3000%2526timestamp%253D1479714689879%2526version%253D1.0 
2016-11-21 15:51:29.902 [ main-SendThread(192.168.101.104:2181) ] - [ DEBUG ] [org.apache.zookeeper.ClientCnxn : 818 ] - Reading reply sessionid:0x1585ea4ee370387, packet:: clientPath:null serverPath:null finished:false header:: 41,1  replyHeader:: 41,88809,-110  request:: '/dubbo,,v{s{31,s{'world,'anyone}}},0  response::  
2016-11-21 15:51:29.905 [ main-SendThread(192.168.101.104:2181) ] - [ DEBUG ] [org.apache.zookeeper.ClientCnxn : 818 ] - Reading reply sessionid:0x1585ea4ee370387, packet:: clientPath:null serverPath:null finished:false header:: 42,1  replyHeader:: 42,88810,-110  request:: '/dubbo/com.zlebank.zplatform.acc.service.ChannelService,,v{s{31,s{'world,'anyone}}},0  response::  
2016-11-21 15:51:29.907 [ main-SendThread(192.168.101.104:2181) ] - [ DEBUG ] [org.apache.zookeeper.ClientCnxn : 818 ] - Reading reply sessionid:0x1585ea4ee370387, packet:: clientPath:null serverPath:null finished:false header:: 43,1  replyHeader:: 43,88811,-110  request:: '/dubbo/com.zlebank.zplatform.acc.service.ChannelService/configurators,,v{s{31,s{'world,'anyone}}},0  response::  
2016-11-21 15:51:29.908 [ main-SendThread(192.168.101.104:2181) ] - [ DEBUG ] [org.apache.zookeeper.ClientCnxn : 818 ] - Reading reply sessionid:0x1585ea4ee370387, packet:: clientPath:null serverPath:null finished:false header:: 44,3  replyHeader:: 44,88811,0  request:: '/dubbo/com.zlebank.zplatform.acc.service.ChannelService/configurators,T  response:: s{31481,31481,1479173656313,1479173656313,0,0,0,0,0,0,31481} 
2016-11-21 15:51:29.910 [ main-SendThread(192.168.101.104:2181) ] - [ DEBUG ] [org.apache.zookeeper.ClientCnxn : 818 ] - Reading reply sessionid:0x1585ea4ee370387, packet:: clientPath:null serverPath:null finished:false header:: 45,8  replyHeader:: 45,88811,0  request:: '/dubbo/com.zlebank.zplatform.acc.service.ChannelService/configurators,T  response:: v{} 
2016-11-21 15:51:29.931 [ main-SendThread(192.168.101.104:2181) ] - [ DEBUG ] [org.apache.zookeeper.ClientCnxn : 818 ] - Reading reply sessionid:0x1585ea4ee370387, packet:: clientPath:null serverPath:null finished:false header:: 46,1  replyHeader:: 46,88812,-110  request:: '/dubbo,,v{s{31,s{'world,'anyone}}},0  response::  
2016-11-21 15:51:29.934 [ main-SendThread(192.168.101.104:2181) ] - [ DEBUG ] [org.apache.zookeeper.ClientCnxn : 818 ] - Reading reply sessionid:0x1585ea4ee370387, packet:: clientPath:null serverPath:null finished:false header:: 47,1  replyHeader:: 47,88813,-110  request:: '/dubbo/com.zlebank.zplatform.acc.service.FreezeAcctService,,v{s{31,s{'world,'anyone}}},0  response::  
2016-11-21 15:51:29.938 [ main-SendThread(192.168.101.104:2181) ] - [ DEBUG ] [org.apache.zookeeper.ClientCnxn : 818 ] - Reading reply sessionid:0x1585ea4ee370387, packet:: clientPath:null serverPath:null finished:false header:: 48,1  replyHeader:: 48,88814,-110  request:: '/dubbo/com.zlebank.zplatform.acc.service.FreezeAcctService/providers,,v{s{31,s{'world,'anyone}}},0  response::  
2016-11-21 15:51:29.941 [ main-SendThread(192.168.101.104:2181) ] - [ DEBUG ] [org.apache.zookeeper.ClientCnxn : 818 ] - Reading reply sessionid:0x1585ea4ee370387, packet:: clientPath:null serverPath:null finished:false header:: 49,1  replyHeader:: 49,88815,0  request:: '/dubbo/com.zlebank.zplatform.acc.service.FreezeAcctService/providers/dubbo%253A%252F%252F192.168.17.117%253A20890%252Fcom.zlebank.zplatform.acc.service.FreezeAcctService%253Fanyhost%253Dtrue%2526application%253Dzplatform-acc-server%2526dubbo%253D2.5.3%2526interface%253Dcom.zlebank.zplatform.acc.service.FreezeAcctService%2526methods%253DgetStatus%252ClogOutAcct%252CreopenInAcct%252CunFreezeAcct%252CstopOutAcct%252CreopenOutAcct%252CstopInAcct%252CfreezeAcct%2526owner%253Dhouyong%2526pid%253D8136%2526revision%253D1.0%2526side%253Dprovider%2526timeout%253D3000%2526timestamp%253D1479714689918%2526version%253D1.0,,v{s{31,s{'world,'anyone}}},1  response:: '/dubbo/com.zlebank.zplatform.acc.service.FreezeAcctService/providers/dubbo%253A%252F%252F192.168.17.117%253A20890%252Fcom.zlebank.zplatform.acc.service.FreezeAcctService%253Fanyhost%253Dtrue%2526application%253Dzplatform-acc-server%2526dubbo%253D2.5.3%2526interface%253Dcom.zlebank.zplatform.acc.service.FreezeAcctService%2526methods%253DgetStatus%252ClogOutAcct%252CreopenInAcct%252CunFreezeAcct%252CstopOutAcct%252CreopenOutAcct%252CstopInAcct%252CfreezeAcct%2526owner%253Dhouyong%2526pid%253D8136%2526revision%253D1.0%2526side%253Dprovider%2526timeout%253D3000%2526timestamp%253D1479714689918%2526version%253D1.0 
2016-11-21 15:51:29.944 [ main-SendThread(192.168.101.104:2181) ] - [ DEBUG ] [org.apache.zookeeper.ClientCnxn : 818 ] - Reading reply sessionid:0x1585ea4ee370387, packet:: clientPath:null serverPath:null finished:false header:: 50,1  replyHeader:: 50,88816,-110  request:: '/dubbo,,v{s{31,s{'world,'anyone}}},0  response::  
2016-11-21 15:51:29.946 [ main-SendThread(192.168.101.104:2181) ] - [ DEBUG ] [org.apache.zookeeper.ClientCnxn : 818 ] - Reading reply sessionid:0x1585ea4ee370387, packet:: clientPath:null serverPath:null finished:false header:: 51,1  replyHeader:: 51,88817,-110  request:: '/dubbo/com.zlebank.zplatform.acc.service.FreezeAcctService,,v{s{31,s{'world,'anyone}}},0  response::  
2016-11-21 15:51:29.948 [ main-SendThread(192.168.101.104:2181) ] - [ DEBUG ] [org.apache.zookeeper.ClientCnxn : 818 ] - Reading reply sessionid:0x1585ea4ee370387, packet:: clientPath:null serverPath:null finished:false header:: 52,1  replyHeader:: 52,88818,-110  request:: '/dubbo/com.zlebank.zplatform.acc.service.FreezeAcctService/configurators,,v{s{31,s{'world,'anyone}}},0  response::  
2016-11-21 15:51:29.949 [ main-SendThread(192.168.101.104:2181) ] - [ DEBUG ] [org.apache.zookeeper.ClientCnxn : 818 ] - Reading reply sessionid:0x1585ea4ee370387, packet:: clientPath:null serverPath:null finished:false header:: 53,3  replyHeader:: 53,88818,0  request:: '/dubbo/com.zlebank.zplatform.acc.service.FreezeAcctService/configurators,T  response:: s{31500,31500,1479173656470,1479173656470,0,0,0,0,0,0,31500} 
2016-11-21 15:51:29.951 [ main-SendThread(192.168.101.104:2181) ] - [ DEBUG ] [org.apache.zookeeper.ClientCnxn : 818 ] - Reading reply sessionid:0x1585ea4ee370387, packet:: clientPath:null serverPath:null finished:false header:: 54,8  replyHeader:: 54,88818,0  request:: '/dubbo/com.zlebank.zplatform.acc.service.FreezeAcctService/configurators,T  response:: v{} 
2016-11-21 15:51:29.970 [ main-SendThread(192.168.101.104:2181) ] - [ DEBUG ] [org.apache.zookeeper.ClientCnxn : 818 ] - Reading reply sessionid:0x1585ea4ee370387, packet:: clientPath:null serverPath:null finished:false header:: 55,1  replyHeader:: 55,88819,-110  request:: '/dubbo,,v{s{31,s{'world,'anyone}}},0  response::  
2016-11-21 15:51:29.974 [ main-SendThread(192.168.101.104:2181) ] - [ DEBUG ] [org.apache.zookeeper.ClientCnxn : 818 ] - Reading reply sessionid:0x1585ea4ee370387, packet:: clientPath:null serverPath:null finished:false header:: 56,1  replyHeader:: 56,88820,-110  request:: '/dubbo/com.zlebank.zplatform.acc.service.FreezeAmountService,,v{s{31,s{'world,'anyone}}},0  response::  
2016-11-21 15:51:29.978 [ main-SendThread(192.168.101.104:2181) ] - [ DEBUG ] [org.apache.zookeeper.ClientCnxn : 818 ] - Reading reply sessionid:0x1585ea4ee370387, packet:: clientPath:null serverPath:null finished:false header:: 57,1  replyHeader:: 57,88821,-110  request:: '/dubbo/com.zlebank.zplatform.acc.service.FreezeAmountService/providers,,v{s{31,s{'world,'anyone}}},0  response::  
2016-11-21 15:51:29.981 [ main-SendThread(192.168.101.104:2181) ] - [ DEBUG ] [org.apache.zookeeper.ClientCnxn : 818 ] - Reading reply sessionid:0x1585ea4ee370387, packet:: clientPath:null serverPath:null finished:false header:: 58,1  replyHeader:: 58,88822,0  request:: '/dubbo/com.zlebank.zplatform.acc.service.FreezeAmountService/providers/dubbo%253A%252F%252F192.168.17.117%253A20890%252Fcom.zlebank.zplatform.acc.service.FreezeAmountService%253Fanyhost%253Dtrue%2526application%253Dzplatform-acc-server%2526dubbo%253D2.5.3%2526interface%253Dcom.zlebank.zplatform.acc.service.FreezeAmountService%2526methods%253DunFreezeAmountBatchPre%252CqueryPaged%252CunFreezeAmountBatch%252CfreezeAmount%252CunFreezeAmount%252CgetAccountByID%2526owner%253Dhouyong%2526pid%253D8136%2526revision%253D1.0%2526side%253Dprovider%2526timeout%253D3000%2526timestamp%253D1479714689955%2526version%253D1.0,,v{s{31,s{'world,'anyone}}},1  response:: '/dubbo/com.zlebank.zplatform.acc.service.FreezeAmountService/providers/dubbo%253A%252F%252F192.168.17.117%253A20890%252Fcom.zlebank.zplatform.acc.service.FreezeAmountService%253Fanyhost%253Dtrue%2526application%253Dzplatform-acc-server%2526dubbo%253D2.5.3%2526interface%253Dcom.zlebank.zplatform.acc.service.FreezeAmountService%2526methods%253DunFreezeAmountBatchPre%252CqueryPaged%252CunFreezeAmountBatch%252CfreezeAmount%252CunFreezeAmount%252CgetAccountByID%2526owner%253Dhouyong%2526pid%253D8136%2526revision%253D1.0%2526side%253Dprovider%2526timeout%253D3000%2526timestamp%253D1479714689955%2526version%253D1.0 
2016-11-21 15:51:29.983 [ main-SendThread(192.168.101.104:2181) ] - [ DEBUG ] [org.apache.zookeeper.ClientCnxn : 818 ] - Reading reply sessionid:0x1585ea4ee370387, packet:: clientPath:null serverPath:null finished:false header:: 59,1  replyHeader:: 59,88823,-110  request:: '/dubbo,,v{s{31,s{'world,'anyone}}},0  response::  
2016-11-21 15:51:29.986 [ main-SendThread(192.168.101.104:2181) ] - [ DEBUG ] [org.apache.zookeeper.ClientCnxn : 818 ] - Reading reply sessionid:0x1585ea4ee370387, packet:: clientPath:null serverPath:null finished:false header:: 60,1  replyHeader:: 60,88824,-110  request:: '/dubbo/com.zlebank.zplatform.acc.service.FreezeAmountService,,v{s{31,s{'world,'anyone}}},0  response::  
2016-11-21 15:51:29.990 [ main-SendThread(192.168.101.104:2181) ] - [ DEBUG ] [org.apache.zookeeper.ClientCnxn : 818 ] - Reading reply sessionid:0x1585ea4ee370387, packet:: clientPath:null serverPath:null finished:false header:: 61,1  replyHeader:: 61,88825,-110  request:: '/dubbo/com.zlebank.zplatform.acc.service.FreezeAmountService/configurators,,v{s{31,s{'world,'anyone}}},0  response::  
2016-11-21 15:51:29.993 [ main-SendThread(192.168.101.104:2181) ] - [ DEBUG ] [org.apache.zookeeper.ClientCnxn : 818 ] - Reading reply sessionid:0x1585ea4ee370387, packet:: clientPath:null serverPath:null finished:false header:: 62,3  replyHeader:: 62,88825,0  request:: '/dubbo/com.zlebank.zplatform.acc.service.FreezeAmountService/configurators,T  response:: s{31522,31522,1479173656591,1479173656591,0,0,0,0,0,0,31522} 
2016-11-21 15:51:29.996 [ main-SendThread(192.168.101.104:2181) ] - [ DEBUG ] [org.apache.zookeeper.ClientCnxn : 818 ] - Reading reply sessionid:0x1585ea4ee370387, packet:: clientPath:null serverPath:null finished:false header:: 63,8  replyHeader:: 63,88825,0  request:: '/dubbo/com.zlebank.zplatform.acc.service.FreezeAmountService/configurators,T  response:: v{} 
2016-11-21 15:51:30.017 [ main-SendThread(192.168.101.104:2181) ] - [ DEBUG ] [org.apache.zookeeper.ClientCnxn : 818 ] - Reading reply sessionid:0x1585ea4ee370387, packet:: clientPath:null serverPath:null finished:false header:: 64,1  replyHeader:: 64,88826,-110  request:: '/dubbo,,v{s{31,s{'world,'anyone}}},0  response::  
2016-11-21 15:51:30.022 [ main-SendThread(192.168.101.104:2181) ] - [ DEBUG ] [org.apache.zookeeper.ClientCnxn : 818 ] - Reading reply sessionid:0x1585ea4ee370387, packet:: clientPath:null serverPath:null finished:false header:: 65,1  replyHeader:: 65,88827,-110  request:: '/dubbo/com.zlebank.zplatform.acc.service.SubjectSelector,,v{s{31,s{'world,'anyone}}},0  response::  
2016-11-21 15:51:30.026 [ main-SendThread(192.168.101.104:2181) ] - [ DEBUG ] [org.apache.zookeeper.ClientCnxn : 818 ] - Reading reply sessionid:0x1585ea4ee370387, packet:: clientPath:null serverPath:null finished:false header:: 66,1  replyHeader:: 66,88828,-110  request:: '/dubbo/com.zlebank.zplatform.acc.service.SubjectSelector/providers,,v{s{31,s{'world,'anyone}}},0  response::  
2016-11-21 15:51:30.030 [ main-SendThread(192.168.101.104:2181) ] - [ DEBUG ] [org.apache.zookeeper.ClientCnxn : 818 ] - Reading reply sessionid:0x1585ea4ee370387, packet:: clientPath:null serverPath:null finished:false header:: 67,1  replyHeader:: 67,88829,0  request:: '/dubbo/com.zlebank.zplatform.acc.service.SubjectSelector/providers/dubbo%253A%252F%252F192.168.17.117%253A20890%252Fcom.zlebank.zplatform.acc.service.SubjectSelector%253Fanyhost%253Dtrue%2526application%253Dzplatform-acc-server%2526dubbo%253D2.5.3%2526interface%253Dcom.zlebank.zplatform.acc.service.SubjectSelector%2526methods%253Dselect%252CgetDefaultList%2526owner%253Dhouyong%2526pid%253D8136%2526revision%253D1.0%2526side%253Dprovider%2526timeout%253D3000%2526timestamp%253D1479714690000%2526version%253D1.0,,v{s{31,s{'world,'anyone}}},1  response:: '/dubbo/com.zlebank.zplatform.acc.service.SubjectSelector/providers/dubbo%253A%252F%252F192.168.17.117%253A20890%252Fcom.zlebank.zplatform.acc.service.SubjectSelector%253Fanyhost%253Dtrue%2526application%253Dzplatform-acc-server%2526dubbo%253D2.5.3%2526interface%253Dcom.zlebank.zplatform.acc.service.SubjectSelector%2526methods%253Dselect%252CgetDefaultList%2526owner%253Dhouyong%2526pid%253D8136%2526revision%253D1.0%2526side%253Dprovider%2526timeout%253D3000%2526timestamp%253D1479714690000%2526version%253D1.0 
2016-11-21 15:51:30.034 [ main-SendThread(192.168.101.104:2181) ] - [ DEBUG ] [org.apache.zookeeper.ClientCnxn : 818 ] - Reading reply sessionid:0x1585ea4ee370387, packet:: clientPath:null serverPath:null finished:false header:: 68,1  replyHeader:: 68,88830,-110  request:: '/dubbo,,v{s{31,s{'world,'anyone}}},0  response::  
2016-11-21 15:51:30.038 [ main-SendThread(192.168.101.104:2181) ] - [ DEBUG ] [org.apache.zookeeper.ClientCnxn : 818 ] - Reading reply sessionid:0x1585ea4ee370387, packet:: clientPath:null serverPath:null finished:false header:: 69,1  replyHeader:: 69,88831,-110  request:: '/dubbo/com.zlebank.zplatform.acc.service.SubjectSelector,,v{s{31,s{'world,'anyone}}},0  response::  
2016-11-21 15:51:30.042 [ main-SendThread(192.168.101.104:2181) ] - [ DEBUG ] [org.apache.zookeeper.ClientCnxn : 818 ] - Reading reply sessionid:0x1585ea4ee370387, packet:: clientPath:null serverPath:null finished:false header:: 70,1  replyHeader:: 70,88832,-110  request:: '/dubbo/com.zlebank.zplatform.acc.service.SubjectSelector/configurators,,v{s{31,s{'world,'anyone}}},0  response::  
2016-11-21 15:51:30.045 [ main-SendThread(192.168.101.104:2181) ] - [ DEBUG ] [org.apache.zookeeper.ClientCnxn : 818 ] - Reading reply sessionid:0x1585ea4ee370387, packet:: clientPath:null serverPath:null finished:false header:: 71,3  replyHeader:: 71,88832,0  request:: '/dubbo/com.zlebank.zplatform.acc.service.SubjectSelector/configurators,T  response:: s{19940,19940,1478542395925,1478542395925,0,0,0,0,0,0,19940} 
2016-11-21 15:51:30.048 [ main-SendThread(192.168.101.104:2181) ] - [ DEBUG ] [org.apache.zookeeper.ClientCnxn : 818 ] - Reading reply sessionid:0x1585ea4ee370387, packet:: clientPath:null serverPath:null finished:false header:: 72,8  replyHeader:: 72,88832,0  request:: '/dubbo/com.zlebank.zplatform.acc.service.SubjectSelector/configurators,T  response:: v{} 
2016-11-21 15:51:30.063 [ main-SendThread(192.168.101.104:2181) ] - [ DEBUG ] [org.apache.zookeeper.ClientCnxn : 818 ] - Reading reply sessionid:0x1585ea4ee370387, packet:: clientPath:null serverPath:null finished:false header:: 73,1  replyHeader:: 73,88833,-110  request:: '/dubbo,,v{s{31,s{'world,'anyone}}},0  response::  
2016-11-21 15:51:30.067 [ main-SendThread(192.168.101.104:2181) ] - [ DEBUG ] [org.apache.zookeeper.ClientCnxn : 818 ] - Reading reply sessionid:0x1585ea4ee370387, packet:: clientPath:null serverPath:null finished:false header:: 74,1  replyHeader:: 74,88834,-110  request:: '/dubbo/com.zlebank.zplatform.acc.service.SubjectService,,v{s{31,s{'world,'anyone}}},0  response::  
2016-11-21 15:51:30.070 [ main-SendThread(192.168.101.104:2181) ] - [ DEBUG ] [org.apache.zookeeper.ClientCnxn : 818 ] - Reading reply sessionid:0x1585ea4ee370387, packet:: clientPath:null serverPath:null finished:false header:: 75,1  replyHeader:: 75,88835,-110  request:: '/dubbo/com.zlebank.zplatform.acc.service.SubjectService/providers,,v{s{31,s{'world,'anyone}}},0  response::  
2016-11-21 15:51:30.073 [ main-SendThread(192.168.101.104:2181) ] - [ DEBUG ] [org.apache.zookeeper.ClientCnxn : 818 ] - Reading reply sessionid:0x1585ea4ee370387, packet:: clientPath:null serverPath:null finished:false header:: 76,1  replyHeader:: 76,88836,0  request:: '/dubbo/com.zlebank.zplatform.acc.service.SubjectService/providers/dubbo%253A%252F%252F192.168.17.117%253A20890%252Fcom.zlebank.zplatform.acc.service.SubjectService%253Fanyhost%253Dtrue%2526application%253Dzplatform-acc-server%2526dubbo%253D2.5.3%2526interface%253Dcom.zlebank.zplatform.acc.service.SubjectService%2526methods%253DaddSubject%252CstopSubject%252CsubjectByID%252CqueryPaged%252CupdateSubject%252CsubjectByCode%2526owner%253Dhouyong%2526pid%253D8136%2526revision%253D1.0%2526side%253Dprovider%2526timeout%253D3000%2526timestamp%253D1479714690052%2526version%253D1.0,,v{s{31,s{'world,'anyone}}},1  response:: '/dubbo/com.zlebank.zplatform.acc.service.SubjectService/providers/dubbo%253A%252F%252F192.168.17.117%253A20890%252Fcom.zlebank.zplatform.acc.service.SubjectService%253Fanyhost%253Dtrue%2526application%253Dzplatform-acc-server%2526dubbo%253D2.5.3%2526interface%253Dcom.zlebank.zplatform.acc.service.SubjectService%2526methods%253DaddSubject%252CstopSubject%252CsubjectByID%252CqueryPaged%252CupdateSubject%252CsubjectByCode%2526owner%253Dhouyong%2526pid%253D8136%2526revision%253D1.0%2526side%253Dprovider%2526timeout%253D3000%2526timestamp%253D1479714690052%2526version%253D1.0 
2016-11-21 15:51:30.075 [ main-SendThread(192.168.101.104:2181) ] - [ DEBUG ] [org.apache.zookeeper.ClientCnxn : 818 ] - Reading reply sessionid:0x1585ea4ee370387, packet:: clientPath:null serverPath:null finished:false header:: 77,1  replyHeader:: 77,88837,-110  request:: '/dubbo,,v{s{31,s{'world,'anyone}}},0  response::  
2016-11-21 15:51:30.080 [ main-SendThread(192.168.101.104:2181) ] - [ DEBUG ] [org.apache.zookeeper.ClientCnxn : 818 ] - Reading reply sessionid:0x1585ea4ee370387, packet:: clientPath:null serverPath:null finished:false header:: 78,1  replyHeader:: 78,88838,-110  request:: '/dubbo/com.zlebank.zplatform.acc.service.SubjectService,,v{s{31,s{'world,'anyone}}},0  response::  
2016-11-21 15:51:30.084 [ main-SendThread(192.168.101.104:2181) ] - [ DEBUG ] [org.apache.zookeeper.ClientCnxn : 818 ] - Reading reply sessionid:0x1585ea4ee370387, packet:: clientPath:null serverPath:null finished:false header:: 79,1  replyHeader:: 79,88839,-110  request:: '/dubbo/com.zlebank.zplatform.acc.service.SubjectService/configurators,,v{s{31,s{'world,'anyone}}},0  response::  
2016-11-21 15:51:30.085 [ main-SendThread(192.168.101.104:2181) ] - [ DEBUG ] [org.apache.zookeeper.ClientCnxn : 818 ] - Reading reply sessionid:0x1585ea4ee370387, packet:: clientPath:null serverPath:null finished:false header:: 80,3  replyHeader:: 80,88839,0  request:: '/dubbo/com.zlebank.zplatform.acc.service.SubjectService/configurators,T  response:: s{23014,23014,1478801490825,1478801490825,0,0,0,0,0,0,23014} 
2016-11-21 15:51:30.087 [ main-SendThread(192.168.101.104:2181) ] - [ DEBUG ] [org.apache.zookeeper.ClientCnxn : 818 ] - Reading reply sessionid:0x1585ea4ee370387, packet:: clientPath:null serverPath:null finished:false header:: 81,8  replyHeader:: 81,88839,0  request:: '/dubbo/com.zlebank.zplatform.acc.service.SubjectService/configurators,T  response:: v{} 
2016-11-21 15:51:40.089 [ main-SendThread(192.168.101.104:2181) ] - [ DEBUG ] [org.apache.zookeeper.ClientCnxn : 717 ] - Got ping response for sessionid: 0x1585ea4ee370387 after 1ms
2016-11-21 15:51:50.091 [ main-SendThread(192.168.101.104:2181) ] - [ DEBUG ] [org.apache.zookeeper.ClientCnxn : 717 ] - Got ping response for sessionid: 0x1585ea4ee370387 after 1ms
2016-11-21 15:52:00.092 [ main-SendThread(192.168.101.104:2181) ] - [ DEBUG ] [org.apache.zookeeper.ClientCnxn : 717 ] - Got ping response for sessionid: 0x1585ea4ee370387 after 1ms
2016-11-21 15:52:10.093 [ main-SendThread(192.168.101.104:2181) ] - [ DEBUG ] [org.apache.zookeeper.ClientCnxn : 717 ] - Got ping response for sessionid: 0x1585ea4ee370387 after 1ms
2016-11-21 15:52:20.095 [ main-SendThread(192.168.101.104:2181) ] - [ DEBUG ] [org.apache.zookeeper.ClientCnxn : 717 ] - Got ping response for sessionid: 0x1585ea4ee370387 after 1ms
2016-11-21 15:52:30.096 [ main-SendThread(192.168.101.104:2181) ] - [ DEBUG ] [org.apache.zookeeper.ClientCnxn : 717 ] - Got ping response for sessionid: 0x1585ea4ee370387 after 1ms
2016-11-21 15:52:33.016 [ DubboServerHandler-192.168.17.117:20890-thread-4 ] - [ INFO  ] [c.z.zplatform.acc.service.impl.BusiAcctServiceImpl : 69 ] - getBusiCodeByMemberId()
2016-11-21 15:52:33.060 [ DubboServerHandler-192.168.17.117:20890-thread-4 ] - [ INFO  ] [c.z.zplatform.acc.service.impl.BusiAcctServiceImpl : 74 ] - 【参数1】BASICPAY
2016-11-21 15:52:33.061 [ DubboServerHandler-192.168.17.117:20890-thread-4 ] - [ INFO  ] [c.z.zplatform.acc.service.impl.BusiAcctServiceImpl : 74 ] - 【参数2】100000000001003
2016-11-21 15:52:33.169 [ DubboServerHandler-192.168.17.117:20890-thread-4 ] - [ INFO  ] [com.zlebank.zplatform.acc.dao.impl.BusiAcctDAOImpl : 69 ] - getBusiCode()
2016-11-21 15:52:33.170 [ DubboServerHandler-192.168.17.117:20890-thread-4 ] - [ INFO  ] [com.zlebank.zplatform.acc.dao.impl.BusiAcctDAOImpl : 74 ] - 【参数1】BASICPAY
2016-11-21 15:52:33.170 [ DubboServerHandler-192.168.17.117:20890-thread-4 ] - [ INFO  ] [com.zlebank.zplatform.acc.dao.impl.BusiAcctDAOImpl : 74 ] - 【参数2】100000000001003
2016-11-21 15:52:40.098 [ main-SendThread(192.168.101.104:2181) ] - [ DEBUG ] [org.apache.zookeeper.ClientCnxn : 717 ] - Got ping response for sessionid: 0x1585ea4ee370387 after 1ms
2016-11-21 15:52:50.100 [ main-SendThread(192.168.101.104:2181) ] - [ DEBUG ] [org.apache.zookeeper.ClientCnxn : 717 ] - Got ping response for sessionid: 0x1585ea4ee370387 after 1ms
2016-11-21 15:52:58.583 [ DubboServerHandler-192.168.17.117:20890-thread-5 ] - [ INFO  ] [c.z.zplatform.acc.service.impl.BusiAcctServiceImpl : 69 ] - getBusiCodeByMemberId()
2016-11-21 15:52:58.584 [ DubboServerHandler-192.168.17.117:20890-thread-5 ] - [ INFO  ] [c.z.zplatform.acc.service.impl.BusiAcctServiceImpl : 74 ] - 【参数1】BASICPAY
2016-11-21 15:52:58.585 [ DubboServerHandler-192.168.17.117:20890-thread-5 ] - [ INFO  ] [c.z.zplatform.acc.service.impl.BusiAcctServiceImpl : 74 ] - 【参数2】200000000000597
2016-11-21 15:52:58.587 [ DubboServerHandler-192.168.17.117:20890-thread-5 ] - [ INFO  ] [com.zlebank.zplatform.acc.dao.impl.BusiAcctDAOImpl : 69 ] - getBusiCode()
2016-11-21 15:52:58.588 [ DubboServerHandler-192.168.17.117:20890-thread-5 ] - [ INFO  ] [com.zlebank.zplatform.acc.dao.impl.BusiAcctDAOImpl : 74 ] - 【参数1】BASICPAY
2016-11-21 15:52:58.589 [ DubboServerHandler-192.168.17.117:20890-thread-5 ] - [ INFO  ] [com.zlebank.zplatform.acc.dao.impl.BusiAcctDAOImpl : 74 ] - 【参数2】200000000000597
2016-11-21 15:53:00.101 [ main-SendThread(192.168.101.104:2181) ] - [ DEBUG ] [org.apache.zookeeper.ClientCnxn : 717 ] - Got ping response for sessionid: 0x1585ea4ee370387 after 1ms
2016-11-21 15:53:10.103 [ main-SendThread(192.168.101.104:2181) ] - [ DEBUG ] [org.apache.zookeeper.ClientCnxn : 717 ] - Got ping response for sessionid: 0x1585ea4ee370387 after 1ms
2016-11-21 15:53:20.106 [ main-SendThread(192.168.101.104:2181) ] - [ DEBUG ] [org.apache.zookeeper.ClientCnxn : 717 ] - Got ping response for sessionid: 0x1585ea4ee370387 after 2ms
2016-11-21 15:53:24.214 [ DubboServerHandler-192.168.17.117:20890-thread-6 ] - [ INFO  ] [c.z.zplatform.acc.service.impl.BusiAcctServiceImpl : 69 ] - getBusiCodeByMemberId()
2016-11-21 15:53:24.216 [ DubboServerHandler-192.168.17.117:20890-thread-6 ] - [ INFO  ] [c.z.zplatform.acc.service.impl.BusiAcctServiceImpl : 74 ] - 【参数1】BASICPAY
2016-11-21 15:53:24.217 [ DubboServerHandler-192.168.17.117:20890-thread-6 ] - [ INFO  ] [c.z.zplatform.acc.service.impl.BusiAcctServiceImpl : 74 ] - 【参数2】100000000001003
2016-11-21 15:53:24.218 [ DubboServerHandler-192.168.17.117:20890-thread-6 ] - [ INFO  ] [com.zlebank.zplatform.acc.dao.impl.BusiAcctDAOImpl : 69 ] - getBusiCode()
2016-11-21 15:53:24.219 [ DubboServerHandler-192.168.17.117:20890-thread-6 ] - [ INFO  ] [com.zlebank.zplatform.acc.dao.impl.BusiAcctDAOImpl : 74 ] - 【参数1】BASICPAY
2016-11-21 15:53:24.220 [ DubboServerHandler-192.168.17.117:20890-thread-6 ] - [ INFO  ] [com.zlebank.zplatform.acc.dao.impl.BusiAcctDAOImpl : 74 ] - 【参数2】100000000001003
2016-11-21 15:53:30.106 [ main-SendThread(192.168.101.104:2181) ] - [ DEBUG ] [org.apache.zookeeper.ClientCnxn : 717 ] - Got ping response for sessionid: 0x1585ea4ee370387 after 1ms
2016-11-21 15:53:40.107 [ main-SendThread(192.168.101.104:2181) ] - [ DEBUG ] [org.apache.zookeeper.ClientCnxn : 717 ] - Got ping response for sessionid: 0x1585ea4ee370387 after 1ms
2016-11-21 15:53:50.109 [ main-SendThread(192.168.101.104:2181) ] - [ DEBUG ] [org.apache.zookeeper.ClientCnxn : 717 ] - Got ping response for sessionid: 0x1585ea4ee370387 after 1ms
2016-11-21 15:54:00.111 [ main-SendThread(192.168.101.104:2181) ] - [ DEBUG ] [org.apache.zookeeper.ClientCnxn : 717 ] - Got ping response for sessionid: 0x1585ea4ee370387 after 1ms
2016-11-21 15:54:10.112 [ main-SendThread(192.168.101.104:2181) ] - [ DEBUG ] [org.apache.zookeeper.ClientCnxn : 717 ] - Got ping response for sessionid: 0x1585ea4ee370387 after 1ms
2016-11-21 15:54:20.114 [ main-SendThread(192.168.101.104:2181) ] - [ DEBUG ] [org.apache.zookeeper.ClientCnxn : 717 ] - Got ping response for sessionid: 0x1585ea4ee370387 after 1ms
2016-11-21 15:54:30.116 [ main-SendThread(192.168.101.104:2181) ] - [ DEBUG ] [org.apache.zookeeper.ClientCnxn : 717 ] - Got ping response for sessionid: 0x1585ea4ee370387 after 1ms
2016-11-21 15:54:40.117 [ main-SendThread(192.168.101.104:2181) ] - [ DEBUG ] [org.apache.zookeeper.ClientCnxn : 717 ] - Got ping response for sessionid: 0x1585ea4ee370387 after 1ms
2016-11-21 15:54:50.119 [ main-SendThread(192.168.101.104:2181) ] - [ DEBUG ] [org.apache.zookeeper.ClientCnxn : 717 ] - Got ping response for sessionid: 0x1585ea4ee370387 after 1ms
2016-11-21 15:55:00.121 [ main-SendThread(192.168.101.104:2181) ] - [ DEBUG ] [org.apache.zookeeper.ClientCnxn : 717 ] - Got ping response for sessionid: 0x1585ea4ee370387 after 1ms
2016-11-21 15:55:10.123 [ main-SendThread(192.168.101.104:2181) ] - [ DEBUG ] [org.apache.zookeeper.ClientCnxn : 717 ] - Got ping response for sessionid: 0x1585ea4ee370387 after 1ms
2016-11-21 15:55:20.124 [ main-SendThread(192.168.101.104:2181) ] - [ DEBUG ] [org.apache.zookeeper.ClientCnxn : 717 ] - Got ping response for sessionid: 0x1585ea4ee370387 after 1ms
2016-11-21 15:55:30.127 [ main-SendThread(192.168.101.104:2181) ] - [ DEBUG ] [org.apache.zookeeper.ClientCnxn : 717 ] - Got ping response for sessionid: 0x1585ea4ee370387 after 1ms
2016-11-21 15:55:35.314 [ DubboServerHandler-192.168.17.117:20890-thread-7 ] - [ INFO  ] [c.z.zplatform.acc.service.impl.BusiAcctServiceImpl : 69 ] - getBusiCodeByMemberId()
2016-11-21 15:55:35.314 [ DubboServerHandler-192.168.17.117:20890-thread-7 ] - [ INFO  ] [c.z.zplatform.acc.service.impl.BusiAcctServiceImpl : 74 ] - 【参数1】BASICPAY
2016-11-21 15:55:35.315 [ DubboServerHandler-192.168.17.117:20890-thread-7 ] - [ INFO  ] [c.z.zplatform.acc.service.impl.BusiAcctServiceImpl : 74 ] - 【参数2】100000000001003
2016-11-21 15:55:35.382 [ DubboServerHandler-192.168.17.117:20890-thread-7 ] - [ INFO  ] [com.zlebank.zplatform.acc.dao.impl.BusiAcctDAOImpl : 69 ] - getBusiCode()
2016-11-21 15:55:35.383 [ DubboServerHandler-192.168.17.117:20890-thread-7 ] - [ INFO  ] [com.zlebank.zplatform.acc.dao.impl.BusiAcctDAOImpl : 74 ] - 【参数1】BASICPAY
2016-11-21 15:55:35.384 [ DubboServerHandler-192.168.17.117:20890-thread-7 ] - [ INFO  ] [com.zlebank.zplatform.acc.dao.impl.BusiAcctDAOImpl : 74 ] - 【参数2】100000000001003
2016-11-21 15:55:40.128 [ main-SendThread(192.168.101.104:2181) ] - [ DEBUG ] [org.apache.zookeeper.ClientCnxn : 717 ] - Got ping response for sessionid: 0x1585ea4ee370387 after 1ms
2016-11-21 15:55:50.130 [ main-SendThread(192.168.101.104:2181) ] - [ DEBUG ] [org.apache.zookeeper.ClientCnxn : 717 ] - Got ping response for sessionid: 0x1585ea4ee370387 after 1ms
2016-11-21 15:56:00.131 [ main-SendThread(192.168.101.104:2181) ] - [ DEBUG ] [org.apache.zookeeper.ClientCnxn : 717 ] - Got ping response for sessionid: 0x1585ea4ee370387 after 1ms
2016-11-21 15:56:10.133 [ main-SendThread(192.168.101.104:2181) ] - [ DEBUG ] [org.apache.zookeeper.ClientCnxn : 717 ] - Got ping response for sessionid: 0x1585ea4ee370387 after 1ms
2016-11-21 15:56:20.136 [ main-SendThread(192.168.101.104:2181) ] - [ DEBUG ] [org.apache.zookeeper.ClientCnxn : 717 ] - Got ping response for sessionid: 0x1585ea4ee370387 after 1ms
2016-11-21 15:56:30.159 [ main-SendThread(192.168.101.104:2181) ] - [ DEBUG ] [org.apache.zookeeper.ClientCnxn : 717 ] - Got ping response for sessionid: 0x1585ea4ee370387 after 3ms
2016-11-21 15:56:30.389 [ DubboServerHandler-192.168.17.117:20890-thread-8 ] - [ INFO  ] [c.z.zplatform.acc.service.impl.BusiAcctServiceImpl : 69 ] - getBusiCodeByMemberId()
2016-11-21 15:56:30.390 [ DubboServerHandler-192.168.17.117:20890-thread-8 ] - [ INFO  ] [c.z.zplatform.acc.service.impl.BusiAcctServiceImpl : 74 ] - 【参数1】BASICPAY
2016-11-21 15:56:30.390 [ DubboServerHandler-192.168.17.117:20890-thread-8 ] - [ INFO  ] [c.z.zplatform.acc.service.impl.BusiAcctServiceImpl : 74 ] - 【参数2】100000000001003
2016-11-21 15:56:30.391 [ DubboServerHandler-192.168.17.117:20890-thread-8 ] - [ INFO  ] [com.zlebank.zplatform.acc.dao.impl.BusiAcctDAOImpl : 69 ] - getBusiCode()
2016-11-21 15:56:30.391 [ DubboServerHandler-192.168.17.117:20890-thread-8 ] - [ INFO  ] [com.zlebank.zplatform.acc.dao.impl.BusiAcctDAOImpl : 74 ] - 【参数1】BASICPAY
2016-11-21 15:56:30.391 [ DubboServerHandler-192.168.17.117:20890-thread-8 ] - [ INFO  ] [com.zlebank.zplatform.acc.dao.impl.BusiAcctDAOImpl : 74 ] - 【参数2】100000000001003
2016-11-21 15:56:40.159 [ main-SendThread(192.168.101.104:2181) ] - [ DEBUG ] [org.apache.zookeeper.ClientCnxn : 717 ] - Got ping response for sessionid: 0x1585ea4ee370387 after 1ms
2016-11-21 15:56:50.159 [ main-SendThread(192.168.101.104:2181) ] - [ DEBUG ] [org.apache.zookeeper.ClientCnxn : 717 ] - Got ping response for sessionid: 0x1585ea4ee370387 after 1ms
2016-11-21 15:56:50.351 [ DubboServerHandler-192.168.17.117:20890-thread-9 ] - [ INFO  ] [c.z.zplatform.acc.service.impl.BusiAcctServiceImpl : 69 ] - getBusiCodeByMemberId()
2016-11-21 15:56:50.351 [ DubboServerHandler-192.168.17.117:20890-thread-9 ] - [ INFO  ] [c.z.zplatform.acc.service.impl.BusiAcctServiceImpl : 74 ] - 【参数1】BASICPAY
2016-11-21 15:56:50.352 [ DubboServerHandler-192.168.17.117:20890-thread-9 ] - [ INFO  ] [c.z.zplatform.acc.service.impl.BusiAcctServiceImpl : 74 ] - 【参数2】200000000000597
2016-11-21 15:56:50.352 [ DubboServerHandler-192.168.17.117:20890-thread-9 ] - [ INFO  ] [com.zlebank.zplatform.acc.dao.impl.BusiAcctDAOImpl : 69 ] - getBusiCode()
2016-11-21 15:56:50.353 [ DubboServerHandler-192.168.17.117:20890-thread-9 ] - [ INFO  ] [com.zlebank.zplatform.acc.dao.impl.BusiAcctDAOImpl : 74 ] - 【参数1】BASICPAY
2016-11-21 15:56:50.353 [ DubboServerHandler-192.168.17.117:20890-thread-9 ] - [ INFO  ] [com.zlebank.zplatform.acc.dao.impl.BusiAcctDAOImpl : 74 ] - 【参数2】200000000000597
2016-11-21 15:56:52.740 [ DubboServerHandler-192.168.17.117:20890-thread-10 ] - [ INFO  ] [c.z.zplatform.acc.service.impl.BusiAcctServiceImpl : 69 ] - getBusiCodeByMemberId()
2016-11-21 15:56:52.741 [ DubboServerHandler-192.168.17.117:20890-thread-10 ] - [ INFO  ] [c.z.zplatform.acc.service.impl.BusiAcctServiceImpl : 74 ] - 【参数1】BASICPAY
2016-11-21 15:56:52.741 [ DubboServerHandler-192.168.17.117:20890-thread-10 ] - [ INFO  ] [c.z.zplatform.acc.service.impl.BusiAcctServiceImpl : 74 ] - 【参数2】100000000001003
2016-11-21 15:56:52.742 [ DubboServerHandler-192.168.17.117:20890-thread-10 ] - [ INFO  ] [com.zlebank.zplatform.acc.dao.impl.BusiAcctDAOImpl : 69 ] - getBusiCode()
2016-11-21 15:56:52.742 [ DubboServerHandler-192.168.17.117:20890-thread-10 ] - [ INFO  ] [com.zlebank.zplatform.acc.dao.impl.BusiAcctDAOImpl : 74 ] - 【参数1】BASICPAY
2016-11-21 15:56:52.742 [ DubboServerHandler-192.168.17.117:20890-thread-10 ] - [ INFO  ] [com.zlebank.zplatform.acc.dao.impl.BusiAcctDAOImpl : 74 ] - 【参数2】100000000001003
2016-11-21 15:57:00.161 [ main-SendThread(192.168.101.104:2181) ] - [ DEBUG ] [org.apache.zookeeper.ClientCnxn : 717 ] - Got ping response for sessionid: 0x1585ea4ee370387 after 1ms
2016-11-21 15:57:10.162 [ main-SendThread(192.168.101.104:2181) ] - [ DEBUG ] [org.apache.zookeeper.ClientCnxn : 717 ] - Got ping response for sessionid: 0x1585ea4ee370387 after 1ms
2016-11-21 15:57:20.163 [ main-SendThread(192.168.101.104:2181) ] - [ DEBUG ] [org.apache.zookeeper.ClientCnxn : 717 ] - Got ping response for sessionid: 0x1585ea4ee370387 after 1ms
2016-11-21 15:57:23.485 [ DubboServerHandler-192.168.17.117:20890-thread-11 ] - [ INFO  ] [c.z.zplatform.acc.service.impl.BusiAcctServiceImpl : 69 ] - getBusiCodeByMemberId()
2016-11-21 15:57:23.487 [ DubboServerHandler-192.168.17.117:20890-thread-11 ] - [ INFO  ] [c.z.zplatform.acc.service.impl.BusiAcctServiceImpl : 74 ] - 【参数1】BASICPAY
2016-11-21 15:57:23.488 [ DubboServerHandler-192.168.17.117:20890-thread-11 ] - [ INFO  ] [c.z.zplatform.acc.service.impl.BusiAcctServiceImpl : 74 ] - 【参数2】100000000001003
2016-11-21 15:57:23.491 [ DubboServerHandler-192.168.17.117:20890-thread-11 ] - [ INFO  ] [com.zlebank.zplatform.acc.dao.impl.BusiAcctDAOImpl : 69 ] - getBusiCode()
2016-11-21 15:57:23.492 [ DubboServerHandler-192.168.17.117:20890-thread-11 ] - [ INFO  ] [com.zlebank.zplatform.acc.dao.impl.BusiAcctDAOImpl : 74 ] - 【参数1】BASICPAY
2016-11-21 15:57:23.492 [ DubboServerHandler-192.168.17.117:20890-thread-11 ] - [ INFO  ] [com.zlebank.zplatform.acc.dao.impl.BusiAcctDAOImpl : 74 ] - 【参数2】100000000001003
2016-11-21 15:57:30.165 [ main-SendThread(192.168.101.104:2181) ] - [ DEBUG ] [org.apache.zookeeper.ClientCnxn : 717 ] - Got ping response for sessionid: 0x1585ea4ee370387 after 1ms
2016-11-21 15:57:40.166 [ main-SendThread(192.168.101.104:2181) ] - [ DEBUG ] [org.apache.zookeeper.ClientCnxn : 717 ] - Got ping response for sessionid: 0x1585ea4ee370387 after 1ms
2016-11-21 15:57:50.014 [ DubboServerHandler-192.168.17.117:20890-thread-12 ] - [ INFO  ] [c.z.zplatform.acc.service.impl.BusiAcctServiceImpl : 69 ] - getBusiCodeByMemberId()
2016-11-21 15:57:50.016 [ DubboServerHandler-192.168.17.117:20890-thread-12 ] - [ INFO  ] [c.z.zplatform.acc.service.impl.BusiAcctServiceImpl : 74 ] - 【参数1】BASICPAY
2016-11-21 15:57:50.017 [ DubboServerHandler-192.168.17.117:20890-thread-12 ] - [ INFO  ] [c.z.zplatform.acc.service.impl.BusiAcctServiceImpl : 74 ] - 【参数2】100000000001003
2016-11-21 15:57:50.019 [ DubboServerHandler-192.168.17.117:20890-thread-12 ] - [ INFO  ] [com.zlebank.zplatform.acc.dao.impl.BusiAcctDAOImpl : 69 ] - getBusiCode()
2016-11-21 15:57:50.020 [ DubboServerHandler-192.168.17.117:20890-thread-12 ] - [ INFO  ] [com.zlebank.zplatform.acc.dao.impl.BusiAcctDAOImpl : 74 ] - 【参数1】BASICPAY
2016-11-21 15:57:50.021 [ DubboServerHandler-192.168.17.117:20890-thread-12 ] - [ INFO  ] [com.zlebank.zplatform.acc.dao.impl.BusiAcctDAOImpl : 74 ] - 【参数2】100000000001003
2016-11-21 15:57:50.167 [ main-SendThread(192.168.101.104:2181) ] - [ DEBUG ] [org.apache.zookeeper.ClientCnxn : 717 ] - Got ping response for sessionid: 0x1585ea4ee370387 after 1ms
2016-11-21 15:58:00.168 [ main-SendThread(192.168.101.104:2181) ] - [ DEBUG ] [org.apache.zookeeper.ClientCnxn : 717 ] - Got ping response for sessionid: 0x1585ea4ee370387 after 1ms
2016-11-21 15:58:10.169 [ main-SendThread(192.168.101.104:2181) ] - [ DEBUG ] [org.apache.zookeeper.ClientCnxn : 717 ] - Got ping response for sessionid: 0x1585ea4ee370387 after 1ms
2016-11-21 15:58:11.098 [ DubboServerHandler-192.168.17.117:20890-thread-13 ] - [ INFO  ] [c.z.zplatform.acc.service.impl.BusiAcctServiceImpl : 69 ] - getBusiCodeByMemberId()
2016-11-21 15:58:11.100 [ DubboServerHandler-192.168.17.117:20890-thread-13 ] - [ INFO  ] [c.z.zplatform.acc.service.impl.BusiAcctServiceImpl : 74 ] - 【参数1】BASICPAY
2016-11-21 15:58:11.101 [ DubboServerHandler-192.168.17.117:20890-thread-13 ] - [ INFO  ] [c.z.zplatform.acc.service.impl.BusiAcctServiceImpl : 74 ] - 【参数2】100000000001003
2016-11-21 15:58:11.103 [ DubboServerHandler-192.168.17.117:20890-thread-13 ] - [ INFO  ] [com.zlebank.zplatform.acc.dao.impl.BusiAcctDAOImpl : 69 ] - getBusiCode()
2016-11-21 15:58:11.104 [ DubboServerHandler-192.168.17.117:20890-thread-13 ] - [ INFO  ] [com.zlebank.zplatform.acc.dao.impl.BusiAcctDAOImpl : 74 ] - 【参数1】BASICPAY
2016-11-21 15:58:11.105 [ DubboServerHandler-192.168.17.117:20890-thread-13 ] - [ INFO  ] [com.zlebank.zplatform.acc.dao.impl.BusiAcctDAOImpl : 74 ] - 【参数2】100000000001003
2016-11-21 15:58:20.169 [ main-SendThread(192.168.101.104:2181) ] - [ DEBUG ] [org.apache.zookeeper.ClientCnxn : 717 ] - Got ping response for sessionid: 0x1585ea4ee370387 after 1ms
2016-11-21 15:58:26.201 [ DubboServerHandler-192.168.17.117:20890-thread-14 ] - [ INFO  ] [c.z.zplatform.acc.service.impl.BusiAcctServiceImpl : 69 ] - getBusiCodeByMemberId()
2016-11-21 15:58:26.203 [ DubboServerHandler-192.168.17.117:20890-thread-14 ] - [ INFO  ] [c.z.zplatform.acc.service.impl.BusiAcctServiceImpl : 74 ] - 【参数1】BASICPAY
2016-11-21 15:58:26.204 [ DubboServerHandler-192.168.17.117:20890-thread-14 ] - [ INFO  ] [c.z.zplatform.acc.service.impl.BusiAcctServiceImpl : 74 ] - 【参数2】100000000001003
2016-11-21 15:58:26.206 [ DubboServerHandler-192.168.17.117:20890-thread-14 ] - [ INFO  ] [com.zlebank.zplatform.acc.dao.impl.BusiAcctDAOImpl : 69 ] - getBusiCode()
2016-11-21 15:58:26.207 [ DubboServerHandler-192.168.17.117:20890-thread-14 ] - [ INFO  ] [com.zlebank.zplatform.acc.dao.impl.BusiAcctDAOImpl : 74 ] - 【参数1】BASICPAY
2016-11-21 15:58:26.208 [ DubboServerHandler-192.168.17.117:20890-thread-14 ] - [ INFO  ] [com.zlebank.zplatform.acc.dao.impl.BusiAcctDAOImpl : 74 ] - 【参数2】100000000001003
2016-11-21 15:58:30.173 [ main-SendThread(192.168.101.104:2181) ] - [ DEBUG ] [org.apache.zookeeper.ClientCnxn : 717 ] - Got ping response for sessionid: 0x1585ea4ee370387 after 3ms
2016-11-21 15:58:40.173 [ main-SendThread(192.168.101.104:2181) ] - [ DEBUG ] [org.apache.zookeeper.ClientCnxn : 717 ] - Got ping response for sessionid: 0x1585ea4ee370387 after 1ms
